TpTrace Verbose: 0 : 18644, 1, 2024/01/19, 22:42:10.418, 1229689916117, vstest.console.dll, Version: 17.5.0-release-20221220-01 Current process architecture: X64
TpTrace Verbose: 0 : 18644, 1, 2024/01/19, 22:42:10.420, 1229689937901, vstest.console.dll, Runtime location: C:\Program Files\dotnet\shared\Microsoft.NETCore.App\7.0.3
TpTrace Verbose: 0 : 18644, 1, 2024/01/19, 22:42:10.425, 1229689981244, vstest.console.dll, ArtifactProcessingPostProcessModeProcessorExecutor.Initialize: ArtifactProcessingMode.Collect
TpTrace Verbose: 0 : 18644, 1, 2024/01/19, 22:42:10.425, 1229689982989, vstest.console.dll, TestSessionCorrelationIdProcessorModeProcessorExecutor.Initialize: TestSessionCorrelationId '23416_54e16b3c-38f5-46b9-9df1-1a3fad7733f0'
TpTrace Information: 0 : 18644, 1, 2024/01/19, 22:42:10.436, 1229690094300, vstest.console.dll, FilePatternParser: The given file C:\Users\Vytautas\Desktop\PresentConnection užduotis\PizzaShop\PizzaShop.UnitTests\bin\Debug\net7.0\fine-code-coverage\build-output\PizzaShop.UnitTests.dll is a full path.
TpTrace Verbose: 0 : 18644, 1, 2024/01/19, 22:42:10.443, 1229690168385, vstest.console.dll, TestPluginCache.DiscoverTestExtensions: finding test extensions in assemblies ends with: RuntimeProvider.dll TPluginInfo: Microsoft.VisualStudio.TestPlatform.Common.ExtensionFramework.Utilities.TestRuntimePluginInformation TExtension: Microsoft.VisualStudio.TestPlatform.ObjectModel.Host.ITestRuntimeProvider
TpTrace Verbose: 0 : 18644, 1, 2024/01/19, 22:42:10.444, 1229690172720, vstest.console.dll, TestPluginCache.GetExtensionPaths: Filtered extension paths: 
TpTrace Verbose: 0 : 18644, 1, 2024/01/19, 22:42:10.444, 1229690173869, vstest.console.dll, TestPluginCache.GetExtensionPaths: Added default extension paths: C:\Program Files\dotnet\sdk\7.0.200\Extensions\Microsoft.Diagnostics.NETCore.Client.dll
C:\Program Files\dotnet\sdk\7.0.200\Extensions\Microsoft.TestPlatform.Extensions.BlameDataCollector.dll
C:\Program Files\dotnet\sdk\7.0.200\Extensions\Microsoft.TestPlatform.Extensions.EventLogCollector.dll
C:\Program Files\dotnet\sdk\7.0.200\Extensions\Microsoft.TestPlatform.TestHostRuntimeProvider.dll
C:\Program Files\dotnet\sdk\7.0.200\Extensions\Microsoft.VisualStudio.TestPlatform.Extensions.Html.TestLogger.dll
C:\Program Files\dotnet\sdk\7.0.200\Extensions\Microsoft.VisualStudio.TestPlatform.Extensions.Trx.TestLogger.dll
TpTrace Verbose: 0 : 18644, 1, 2024/01/19, 22:42:10.444, 1229690174334, vstest.console.dll, TestPluginCache.GetExtensionPaths: Added unfilterableExtensionPaths: 
TpTrace Information: 0 : 18644, 1, 2024/01/19, 22:42:10.445, 1229690185569, vstest.console.dll, AssemblyResolver.ctor: Creating AssemblyResolver with searchDirectories C:\Program Files\dotnet\sdk\7.0.200\Extensions,C:\Program Files\dotnet\sdk\7.0.200
TpTrace Verbose: 0 : 18644, 1, 2024/01/19, 22:42:10.446, 1229690200761, vstest.console.dll, TestPluginCache.DiscoverTestExtensions: Discovering the extensions using extension path.
TpTrace Verbose: 0 : 18644, 1, 2024/01/19, 22:42:10.447, 1229690202580, vstest.console.dll, TestPluginCache.GetExtensionPaths: Filtered extension paths: 
TpTrace Verbose: 0 : 18644, 1, 2024/01/19, 22:42:10.447, 1229690203787, vstest.console.dll, TestPluginCache.GetExtensionPaths: Added default extension paths: C:\Program Files\dotnet\sdk\7.0.200\Extensions\Microsoft.Diagnostics.NETCore.Client.dll
C:\Program Files\dotnet\sdk\7.0.200\Extensions\Microsoft.TestPlatform.Extensions.BlameDataCollector.dll
C:\Program Files\dotnet\sdk\7.0.200\Extensions\Microsoft.TestPlatform.Extensions.EventLogCollector.dll
C:\Program Files\dotnet\sdk\7.0.200\Extensions\Microsoft.TestPlatform.TestHostRuntimeProvider.dll
C:\Program Files\dotnet\sdk\7.0.200\Extensions\Microsoft.VisualStudio.TestPlatform.Extensions.Html.TestLogger.dll
C:\Program Files\dotnet\sdk\7.0.200\Extensions\Microsoft.VisualStudio.TestPlatform.Extensions.Trx.TestLogger.dll
TpTrace Verbose: 0 : 18644, 1, 2024/01/19, 22:42:10.447, 1229690204240, vstest.console.dll, TestPluginCache.GetExtensionPaths: Added unfilterableExtensionPaths: 
TpTrace Verbose: 0 : 18644, 1, 2024/01/19, 22:42:10.447, 1229690205380, vstest.console.dll, TestPluginCache.DiscoverTestExtensions: Discovering the extensions using allExtensionPaths: C:\Program Files\dotnet\sdk\7.0.200\Extensions\Microsoft.Diagnostics.NETCore.Client.dll
C:\Program Files\dotnet\sdk\7.0.200\Extensions\Microsoft.TestPlatform.Extensions.BlameDataCollector.dll
C:\Program Files\dotnet\sdk\7.0.200\Extensions\Microsoft.TestPlatform.Extensions.EventLogCollector.dll
C:\Program Files\dotnet\sdk\7.0.200\Extensions\Microsoft.TestPlatform.TestHostRuntimeProvider.dll
C:\Program Files\dotnet\sdk\7.0.200\Extensions\Microsoft.VisualStudio.TestPlatform.Extensions.Html.TestLogger.dll
C:\Program Files\dotnet\sdk\7.0.200\Extensions\Microsoft.VisualStudio.TestPlatform.Extensions.Trx.TestLogger.dll
TpTrace Information: 0 : 18644, 1, 2024/01/19, 22:42:10.447, 1229690207497, vstest.console.dll, AssemblyResolver.AddSearchDirectories: Adding more searchDirectories C:\Program Files\dotnet\sdk\7.0.200\Extensions,C:\Program Files\dotnet\sdk\7.0.200
TpTrace Information: 0 : 18644, 1, 2024/01/19, 22:42:10.447, 1229690208469, vstest.console.dll, AssemblyResolver.AddSearchDirectories: Adding more searchDirectories C:\Program Files\dotnet\sdk\7.0.200\Extensions,C:\Program Files\dotnet\sdk\7.0.200
TpTrace Information: 0 : 18644, 1, 2024/01/19, 22:42:10.447, 1229690208947, vstest.console.dll, AssemblyResolver.AddSearchDirectories: Adding more searchDirectories C:\Program Files\dotnet\sdk\7.0.200\Extensions,C:\Program Files\dotnet\sdk\7.0.200
TpTrace Information: 0 : 18644, 1, 2024/01/19, 22:42:10.447, 1229690209320, vstest.console.dll, AssemblyResolver.AddSearchDirectories: Adding more searchDirectories C:\Program Files\dotnet\sdk\7.0.200\Extensions,C:\Program Files\dotnet\sdk\7.0.200
TpTrace Information: 0 : 18644, 1, 2024/01/19, 22:42:10.447, 1229690209721, vstest.console.dll, AssemblyResolver.AddSearchDirectories: Adding more searchDirectories C:\Program Files\dotnet\sdk\7.0.200\Extensions,C:\Program Files\dotnet\sdk\7.0.200
TpTrace Information: 0 : 18644, 1, 2024/01/19, 22:42:10.447, 1229690210079, vstest.console.dll, AssemblyResolver.AddSearchDirectories: Adding more searchDirectories C:\Program Files\dotnet\sdk\7.0.200\Extensions,C:\Program Files\dotnet\sdk\7.0.200
TpTrace Information: 0 : 18644, 1, 2024/01/19, 22:42:10.448, 1229690214814, vstest.console.dll, AssemblyResolver.OnResolve: Microsoft.Diagnostics.NETCore.Client: Resolving assembly.
TpTrace Information: 0 : 18644, 1, 2024/01/19, 22:42:10.448, 1229690215670, vstest.console.dll, AssemblyResolver.OnResolve: Microsoft.Diagnostics.NETCore.Client: Searching in: 'C:\Program Files\dotnet\sdk\7.0.200\Extensions'.
TpTrace Information: 0 : 18644, 1, 2024/01/19, 22:42:10.459, 1229690326690, vstest.console.dll, AssemblyResolver.OnResolve: Microsoft.Diagnostics.NETCore.Client: Loading assembly 'C:\Program Files\dotnet\sdk\7.0.200\Extensions\Microsoft.Diagnostics.NETCore.Client.dll'.
TpTrace Information: 0 : 18644, 1, 2024/01/19, 22:42:10.460, 1229690339529, vstest.console.dll, AssemblyResolver.OnResolve: Resolved assembly: Microsoft.Diagnostics.NETCore.Client, from path: C:\Program Files\dotnet\sdk\7.0.200\Extensions\Microsoft.Diagnostics.NETCore.Client.dll
TpTrace Verbose: 0 : 18644, 1, 2024/01/19, 22:42:10.462, 1229690353863, vstest.console.dll, MetadataReaderExtensionsHelper: Discovering extensions inside assembly 'Microsoft.Diagnostics.NETCore.Client, Version=0.2.6.42401, Culture=neutral, PublicKeyToken=31bf3856ad364e35' file path 'C:\Program Files\dotnet\sdk\7.0.200\Extensions\Microsoft.Diagnostics.NETCore.Client.dll'
TpTrace Information: 0 : 18644, 1, 2024/01/19, 22:42:10.468, 1229690412385, vstest.console.dll, AssemblyResolver.OnResolve: Microsoft.Bcl.AsyncInterfaces: Resolving assembly.
TpTrace Information: 0 : 18644, 1, 2024/01/19, 22:42:10.468, 1229690413423, vstest.console.dll, AssemblyResolver.OnResolve: Microsoft.Bcl.AsyncInterfaces: Searching in: 'C:\Program Files\dotnet\sdk\7.0.200\Extensions'.
TpTrace Information: 0 : 18644, 1, 2024/01/19, 22:42:10.468, 1229690414780, vstest.console.dll, AssemblyResolver.OnResolve: Microsoft.Bcl.AsyncInterfaces: Assembly path does not exist: 'C:\Program Files\dotnet\sdk\7.0.200\Extensions\Microsoft.Bcl.AsyncInterfaces.dll', returning.
TpTrace Information: 0 : 18644, 1, 2024/01/19, 22:42:10.468, 1229690416558, vstest.console.dll, AssemblyResolver.OnResolve: Microsoft.Bcl.AsyncInterfaces: Assembly path does not exist: 'C:\Program Files\dotnet\sdk\7.0.200\Extensions\Microsoft.Bcl.AsyncInterfaces.exe', returning.
TpTrace Information: 0 : 18644, 1, 2024/01/19, 22:42:10.468, 1229690417033, vstest.console.dll, AssemblyResolver.OnResolve: Microsoft.Bcl.AsyncInterfaces: Searching in: 'C:\Program Files\dotnet\sdk\7.0.200'.
TpTrace Information: 0 : 18644, 1, 2024/01/19, 22:42:10.468, 1229690418056, vstest.console.dll, AssemblyResolver.OnResolve: Microsoft.Bcl.AsyncInterfaces: Assembly path does not exist: 'C:\Program Files\dotnet\sdk\7.0.200\Microsoft.Bcl.AsyncInterfaces.dll', returning.
TpTrace Information: 0 : 18644, 1, 2024/01/19, 22:42:10.468, 1229690419101, vstest.console.dll, AssemblyResolver.OnResolve: Microsoft.Bcl.AsyncInterfaces: Assembly path does not exist: 'C:\Program Files\dotnet\sdk\7.0.200\Microsoft.Bcl.AsyncInterfaces.exe', returning.
TpTrace Information: 0 : 18644, 1, 2024/01/19, 22:42:10.468, 1229690419536, vstest.console.dll, AssemblyResolver.OnResolve: Microsoft.Bcl.AsyncInterfaces: Failed to load assembly.
TpTrace Verbose: 0 : 18644, 1, 2024/01/19, 22:42:10.468, 1229690419960, vstest.console.dll, CurrentDomainAssemblyResolve: Resolving assembly 'Microsoft.Bcl.AsyncInterfaces'.
TpTrace Information: 0 : 18644, 1, 2024/01/19, 22:42:10.468, 1229690420585, vstest.console.dll, AssemblyResolver.OnResolve: Microsoft.Bcl.AsyncInterfaces: Resolving assembly.
TpTrace Information: 0 : 18644, 1, 2024/01/19, 22:42:10.468, 1229690421035, vstest.console.dll, AssemblyResolver.OnResolve: Microsoft.Bcl.AsyncInterfaces: Resolved from cache.
TpTrace Verbose: 0 : 18644, 1, 2024/01/19, 22:42:10.469, 1229690421357, vstest.console.dll, CurrentDomainAssemblyResolve: Resolving assembly 'Microsoft.Bcl.AsyncInterfaces'.
TpTrace Verbose: 0 : 18644, 1, 2024/01/19, 22:42:10.469, 1229690421746, vstest.console.dll, CurrentDomainAssemblyResolve: Failed to resolve assembly 'Microsoft.Bcl.AsyncInterfaces'.
TpTrace Verbose: 0 : 18644, 1, 2024/01/19, 22:42:10.470, 1229690431193, vstest.console.dll, CurrentDomainAssemblyResolve: Failed to resolve assembly 'Microsoft.Bcl.AsyncInterfaces'.
TpTrace Warning: 0 : 18644, 1, 2024/01/19, 22:42:10.477, 1229690509701, vstest.console.dll, TestPluginDiscoverer: Failed to get types from assembly 'Microsoft.Diagnostics.NETCore.Client, Version=0.2.6.42401, Culture=neutral, PublicKeyToken=31bf3856ad364e35'. Error: System.Reflection.ReflectionTypeLoadException: Unable to load one or more of the requested types.
Could not load file or assembly 'Microsoft.Bcl.AsyncInterfaces, Version=1.0.0.0, Culture=neutral, PublicKeyToken=cc7b13ffcd2ddd51'. The system cannot find the file specified.
   at System.Reflection.RuntimeModule.GetTypes(RuntimeModule module)
   at System.Reflection.Assembly.GetTypes()
   at Microsoft.VisualStudio.TestPlatform.Common.ExtensionFramework.TestPluginDiscoverer.GetTestExtensionsFromAssembly[TPluginInfo,TExtension](Assembly assembly, Dictionary`2 pluginInfos, String filePath)
System.IO.FileNotFoundException: Could not load file or assembly 'Microsoft.Bcl.AsyncInterfaces, Version=1.0.0.0, Culture=neutral, PublicKeyToken=cc7b13ffcd2ddd51'. The system cannot find the file specified.
File name: 'Microsoft.Bcl.AsyncInterfaces, Version=1.0.0.0, Culture=neutral, PublicKeyToken=cc7b13ffcd2ddd51'
 ---> System.IO.FileNotFoundException: Could not load file or assembly 'Microsoft.Bcl.AsyncInterfaces, Culture=neutral, PublicKeyToken=null'. The system cannot find the file specified.
File name: 'Microsoft.Bcl.AsyncInterfaces, Culture=neutral, PublicKeyToken=null'
   at System.Reflection.RuntimeAssembly.InternalLoad(AssemblyName assemblyName, StackCrawlMark& stackMark, AssemblyLoadContext assemblyLoadContext, RuntimeAssembly requestingAssembly, Boolean throwOnFileNotFound)
   at System.Reflection.Assembly.Load(AssemblyName assemblyRef)
   at Microsoft.VisualStudio.TestPlatform.Common.ExtensionFramework.TestPluginCache.CurrentDomainAssemblyResolve(Object sender, AssemblyResolveEventArgs args)
   at System.Runtime.Loader.AssemblyLoadContext.GetFirstResolvedAssemblyFromResolvingEvent(AssemblyName assemblyName)
   at System.Runtime.Loader.AssemblyLoadContext.ResolveUsingEvent(AssemblyName assemblyName)
   at System.Runtime.Loader.AssemblyLoadContext.ResolveUsingResolvingEvent(IntPtr gchManagedAssemblyLoadContext, AssemblyName assemblyName)
TpTrace Warning: 0 : 18644, 1, 2024/01/19, 22:42:10.478, 1229690514690, vstest.console.dll, LoaderExceptions: System.IO.FileNotFoundException: Could not load file or assembly 'Microsoft.Bcl.AsyncInterfaces, Version=1.0.0.0, Culture=neutral, PublicKeyToken=cc7b13ffcd2ddd51'. The system cannot find the file specified.
File name: 'Microsoft.Bcl.AsyncInterfaces, Version=1.0.0.0, Culture=neutral, PublicKeyToken=cc7b13ffcd2ddd51'
 ---> System.IO.FileNotFoundException: Could not load file or assembly 'Microsoft.Bcl.AsyncInterfaces, Culture=neutral, PublicKeyToken=null'. The system cannot find the file specified.
File name: 'Microsoft.Bcl.AsyncInterfaces, Culture=neutral, PublicKeyToken=null'
   at System.Reflection.RuntimeAssembly.InternalLoad(AssemblyName assemblyName, StackCrawlMark& stackMark, AssemblyLoadContext assemblyLoadContext, RuntimeAssembly requestingAssembly, Boolean throwOnFileNotFound)
   at System.Reflection.Assembly.Load(AssemblyName assemblyRef)
   at Microsoft.VisualStudio.TestPlatform.Common.ExtensionFramework.TestPluginCache.CurrentDomainAssemblyResolve(Object sender, AssemblyResolveEventArgs args)
   at System.Runtime.Loader.AssemblyLoadContext.GetFirstResolvedAssemblyFromResolvingEvent(AssemblyName assemblyName)
   at System.Runtime.Loader.AssemblyLoadContext.ResolveUsingEvent(AssemblyName assemblyName)
   at System.Runtime.Loader.AssemblyLoadContext.ResolveUsingResolvingEvent(IntPtr gchManagedAssemblyLoadContext, AssemblyName assemblyName)
TpTrace Information: 0 : 18644, 1, 2024/01/19, 22:42:10.478, 1229690516734, vstest.console.dll, AssemblyResolver.OnResolve: Microsoft.TestPlatform.Extensions.BlameDataCollector: Resolving assembly.
TpTrace Information: 0 : 18644, 1, 2024/01/19, 22:42:10.478, 1229690517295, vstest.console.dll, AssemblyResolver.OnResolve: Microsoft.TestPlatform.Extensions.BlameDataCollector: Searching in: 'C:\Program Files\dotnet\sdk\7.0.200\Extensions'.
TpTrace Information: 0 : 18644, 1, 2024/01/19, 22:42:10.479, 1229690523941, vstest.console.dll, AssemblyResolver.OnResolve: Microsoft.TestPlatform.Extensions.BlameDataCollector: Loading assembly 'C:\Program Files\dotnet\sdk\7.0.200\Extensions\Microsoft.TestPlatform.Extensions.BlameDataCollector.dll'.
TpTrace Information: 0 : 18644, 1, 2024/01/19, 22:42:10.480, 1229690532400, vstest.console.dll, AssemblyResolver.OnResolve: Resolved assembly: Microsoft.TestPlatform.Extensions.BlameDataCollector, from path: C:\Program Files\dotnet\sdk\7.0.200\Extensions\Microsoft.TestPlatform.Extensions.BlameDataCollector.dll
TpTrace Verbose: 0 : 18644, 1, 2024/01/19, 22:42:10.480, 1229690533371, vstest.console.dll, MetadataReaderExtensionsHelper: Discovering extensions inside assembly 'Microsoft.TestPlatform.Extensions.BlameDataCollector, Version=15.0.0.0, Culture=neutral, PublicKeyToken=b03f5f7f11d50a3a' file path 'C:\Program Files\dotnet\sdk\7.0.200\Extensions\Microsoft.TestPlatform.Extensions.BlameDataCollector.dll'
TpTrace Information: 0 : 18644, 1, 2024/01/19, 22:42:10.482, 1229690555796, vstest.console.dll, AssemblyResolver.OnResolve: Microsoft.TestPlatform.Extensions.EventLogCollector: Resolving assembly.
TpTrace Information: 0 : 18644, 1, 2024/01/19, 22:42:10.482, 1229690556824, vstest.console.dll, AssemblyResolver.OnResolve: Microsoft.TestPlatform.Extensions.EventLogCollector: Searching in: 'C:\Program Files\dotnet\sdk\7.0.200\Extensions'.
TpTrace Information: 0 : 18644, 1, 2024/01/19, 22:42:10.483, 1229690564368, vstest.console.dll, AssemblyResolver.OnResolve: Microsoft.TestPlatform.Extensions.EventLogCollector: Loading assembly 'C:\Program Files\dotnet\sdk\7.0.200\Extensions\Microsoft.TestPlatform.Extensions.EventLogCollector.dll'.
TpTrace Information: 0 : 18644, 1, 2024/01/19, 22:42:10.484, 1229690572469, vstest.console.dll, AssemblyResolver.OnResolve: Resolved assembly: Microsoft.TestPlatform.Extensions.EventLogCollector, from path: C:\Program Files\dotnet\sdk\7.0.200\Extensions\Microsoft.TestPlatform.Extensions.EventLogCollector.dll
TpTrace Verbose: 0 : 18644, 1, 2024/01/19, 22:42:10.484, 1229690573459, vstest.console.dll, MetadataReaderExtensionsHelper: Discovering extensions inside assembly 'Microsoft.TestPlatform.Extensions.EventLogCollector, Version=15.0.0.0, Culture=neutral, PublicKeyToken=b03f5f7f11d50a3a' file path 'C:\Program Files\dotnet\sdk\7.0.200\Extensions\Microsoft.TestPlatform.Extensions.EventLogCollector.dll'
TpTrace Information: 0 : 18644, 1, 2024/01/19, 22:42:10.487, 1229690603025, vstest.console.dll, AssemblyResolver.OnResolve: Microsoft.TestPlatform.TestHostRuntimeProvider: Resolving assembly.
TpTrace Information: 0 : 18644, 1, 2024/01/19, 22:42:10.487, 1229690604116, vstest.console.dll, AssemblyResolver.OnResolve: Microsoft.TestPlatform.TestHostRuntimeProvider: Searching in: 'C:\Program Files\dotnet\sdk\7.0.200\Extensions'.
TpTrace Information: 0 : 18644, 1, 2024/01/19, 22:42:10.488, 1229690611608, vstest.console.dll, AssemblyResolver.OnResolve: Microsoft.TestPlatform.TestHostRuntimeProvider: Loading assembly 'C:\Program Files\dotnet\sdk\7.0.200\Extensions\Microsoft.TestPlatform.TestHostRuntimeProvider.dll'.
TpTrace Information: 0 : 18644, 1, 2024/01/19, 22:42:10.488, 1229690621041, vstest.console.dll, AssemblyResolver.OnResolve: Resolved assembly: Microsoft.TestPlatform.TestHostRuntimeProvider, from path: C:\Program Files\dotnet\sdk\7.0.200\Extensions\Microsoft.TestPlatform.TestHostRuntimeProvider.dll
TpTrace Verbose: 0 : 18644, 1, 2024/01/19, 22:42:10.489, 1229690622508, vstest.console.dll, MetadataReaderExtensionsHelper: Discovering extensions inside assembly 'Microsoft.TestPlatform.TestHostRuntimeProvider, Version=15.0.0.0, Culture=neutral, PublicKeyToken=b03f5f7f11d50a3a' file path 'C:\Program Files\dotnet\sdk\7.0.200\Extensions\Microsoft.TestPlatform.TestHostRuntimeProvider.dll'
TpTrace Information: 0 : 18644, 1, 2024/01/19, 22:42:10.491, 1229690646843, vstest.console.dll, GetTestExtensionFromType: Register extension with identifier data 'HostProvider://DefaultTestHost' and type 'Microsoft.VisualStudio.TestPlatform.CrossPlatEngine.Hosting.DefaultTestHostManager, Microsoft.TestPlatform.TestHostRuntimeProvider, Version=15.0.0.0, Culture=neutral, PublicKeyToken=b03f5f7f11d50a3a' inside file 'C:\Program Files\dotnet\sdk\7.0.200\Extensions\Microsoft.TestPlatform.TestHostRuntimeProvider.dll'
TpTrace Information: 0 : 18644, 1, 2024/01/19, 22:42:10.491, 1229690649672, vstest.console.dll, GetTestExtensionFromType: Register extension with identifier data 'HostProvider://DotnetTestHost' and type 'Microsoft.VisualStudio.TestPlatform.CrossPlatEngine.Hosting.DotnetTestHostManager, Microsoft.TestPlatform.TestHostRuntimeProvider, Version=15.0.0.0, Culture=neutral, PublicKeyToken=b03f5f7f11d50a3a' inside file 'C:\Program Files\dotnet\sdk\7.0.200\Extensions\Microsoft.TestPlatform.TestHostRuntimeProvider.dll'
TpTrace Information: 0 : 18644, 1, 2024/01/19, 22:42:10.491, 1229690650657, vstest.console.dll, AssemblyResolver.OnResolve: Microsoft.VisualStudio.TestPlatform.Extensions.Html.TestLogger: Resolving assembly.
TpTrace Information: 0 : 18644, 1, 2024/01/19, 22:42:10.492, 1229690651173, vstest.console.dll, AssemblyResolver.OnResolve: Microsoft.VisualStudio.TestPlatform.Extensions.Html.TestLogger: Searching in: 'C:\Program Files\dotnet\sdk\7.0.200\Extensions'.
TpTrace Information: 0 : 18644, 1, 2024/01/19, 22:42:10.492, 1229690658256, vstest.console.dll, AssemblyResolver.OnResolve: Microsoft.VisualStudio.TestPlatform.Extensions.Html.TestLogger: Loading assembly 'C:\Program Files\dotnet\sdk\7.0.200\Extensions\Microsoft.VisualStudio.TestPlatform.Extensions.Html.TestLogger.dll'.
TpTrace Information: 0 : 18644, 1, 2024/01/19, 22:42:10.493, 1229690666438, vstest.console.dll, AssemblyResolver.OnResolve: Resolved assembly: Microsoft.VisualStudio.TestPlatform.Extensions.Html.TestLogger, from path: C:\Program Files\dotnet\sdk\7.0.200\Extensions\Microsoft.VisualStudio.TestPlatform.Extensions.Html.TestLogger.dll
TpTrace Verbose: 0 : 18644, 1, 2024/01/19, 22:42:10.493, 1229690667331, vstest.console.dll, MetadataReaderExtensionsHelper: Discovering extensions inside assembly 'Microsoft.VisualStudio.TestPlatform.Extensions.Html.TestLogger, Version=15.0.0.0, Culture=neutral, PublicKeyToken=b03f5f7f11d50a3a' file path 'C:\Program Files\dotnet\sdk\7.0.200\Extensions\Microsoft.VisualStudio.TestPlatform.Extensions.Html.TestLogger.dll'
TpTrace Information: 0 : 18644, 1, 2024/01/19, 22:42:10.494, 1229690679142, vstest.console.dll, AssemblyResolver.OnResolve: Microsoft.VisualStudio.TestPlatform.Extensions.Trx.TestLogger: Resolving assembly.
TpTrace Information: 0 : 18644, 1, 2024/01/19, 22:42:10.494, 1229690679860, vstest.console.dll, AssemblyResolver.OnResolve: Microsoft.VisualStudio.TestPlatform.Extensions.Trx.TestLogger: Searching in: 'C:\Program Files\dotnet\sdk\7.0.200\Extensions'.
TpTrace Information: 0 : 18644, 1, 2024/01/19, 22:42:10.495, 1229690685283, vstest.console.dll, AssemblyResolver.OnResolve: Microsoft.VisualStudio.TestPlatform.Extensions.Trx.TestLogger: Loading assembly 'C:\Program Files\dotnet\sdk\7.0.200\Extensions\Microsoft.VisualStudio.TestPlatform.Extensions.Trx.TestLogger.dll'.
TpTrace Information: 0 : 18644, 1, 2024/01/19, 22:42:10.496, 1229690693234, vstest.console.dll, AssemblyResolver.OnResolve: Resolved assembly: Microsoft.VisualStudio.TestPlatform.Extensions.Trx.TestLogger, from path: C:\Program Files\dotnet\sdk\7.0.200\Extensions\Microsoft.VisualStudio.TestPlatform.Extensions.Trx.TestLogger.dll
TpTrace Verbose: 0 : 18644, 1, 2024/01/19, 22:42:10.496, 1229690695210, vstest.console.dll, MetadataReaderExtensionsHelper: Discovering extensions inside assembly 'Microsoft.VisualStudio.TestPlatform.Extensions.Trx.TestLogger, Version=15.0.0.0, Culture=neutral, PublicKeyToken=b03f5f7f11d50a3a' file path 'C:\Program Files\dotnet\sdk\7.0.200\Extensions\Microsoft.VisualStudio.TestPlatform.Extensions.Trx.TestLogger.dll'
TpTrace Verbose: 0 : 18644, 1, 2024/01/19, 22:42:10.499, 1229690723392, vstest.console.dll, TestPluginCache: Discovered the extensions using extension path ''.
TpTrace Verbose: 0 : 18644, 1, 2024/01/19, 22:42:10.499, 1229690724791, vstest.console.dll, TestPluginCache: Discoverers are ''.
TpTrace Verbose: 0 : 18644, 1, 2024/01/19, 22:42:10.499, 1229690725265, vstest.console.dll, TestPluginCache: Executors are ''.
TpTrace Verbose: 0 : 18644, 1, 2024/01/19, 22:42:10.499, 1229690725601, vstest.console.dll, TestPluginCache: Executors2 are ''.
TpTrace Verbose: 0 : 18644, 1, 2024/01/19, 22:42:10.499, 1229690725902, vstest.console.dll, TestPluginCache: Setting providers are ''.
TpTrace Verbose: 0 : 18644, 1, 2024/01/19, 22:42:10.499, 1229690726191, vstest.console.dll, TestPluginCache: Loggers are ''.
TpTrace Verbose: 0 : 18644, 1, 2024/01/19, 22:42:10.499, 1229690727591, vstest.console.dll, TestPluginCache: TestHosts are 'HostProvider://DefaultTestHost,HostProvider://DotnetTestHost'.
TpTrace Verbose: 0 : 18644, 1, 2024/01/19, 22:42:10.499, 1229690728045, vstest.console.dll, TestPluginCache: DataCollectors are ''.
TpTrace Information: 0 : 18644, 1, 2024/01/19, 22:42:10.519, 1229690925658, vstest.console.dll, RunTestsArgumentProcessor:Execute: Test run is starting.
TpTrace Verbose: 0 : 18644, 1, 2024/01/19, 22:42:10.519, 1229690926719, vstest.console.dll, RunTestsArgumentProcessor:Execute: Queuing Test run.
TpTrace Information: 0 : 18644, 1, 2024/01/19, 22:42:10.519, 1229690929875, vstest.console.dll, TestRequestManager.RunTests: run tests started.
TpTrace Information: 0 : 18644, 1, 2024/01/19, 22:42:10.521, 1229690946145, vstest.console.dll, AssemblyMetadataProvider.GetFrameworkName: Determined framework:'.NETCoreApp,Version=v7.0' for source: 'C:\Users\Vytautas\Desktop\PresentConnection užduotis\PizzaShop\PizzaShop.UnitTests\bin\Debug\net7.0\fine-code-coverage\build-output\PizzaShop.UnitTests.dll'
TpTrace Information: 0 : 18644, 1, 2024/01/19, 22:42:10.521, 1229690948885, vstest.console.dll, Determined framework for all sources: .NETCoreApp,Version=v7.0
TpTrace Verbose: 0 : 18644, 1, 2024/01/19, 22:42:10.522, 1229690955714, vstest.console.dll, TestRequestManager.UpdateRunSettingsIfRequired: Default architecture: X64 IsDefaultTargetArchitecture: True, Current process architecture: X64 OperatingSystem: Windows.
TpTrace Information: 0 : 18644, 1, 2024/01/19, 22:42:10.524, 1229690975851, vstest.console.dll, AssemblyMetadataProvider.GetArchitecture: Determined architecture:AnyCPU info for assembly: C:\Users\Vytautas\Desktop\PresentConnection užduotis\PizzaShop\PizzaShop.UnitTests\bin\Debug\net7.0\fine-code-coverage\build-output\PizzaShop.UnitTests.dll
TpTrace Information: 0 : 18644, 1, 2024/01/19, 22:42:10.524, 1229690976502, vstest.console.dll, Determined platform for source 'C:\Users\Vytautas\Desktop\PresentConnection užduotis\PizzaShop\PizzaShop.UnitTests\bin\Debug\net7.0\fine-code-coverage\build-output\PizzaShop.UnitTests.dll' was AnyCPU and it will use the default plaform X64.
TpTrace Information: 0 : 18644, 1, 2024/01/19, 22:42:10.524, 1229690976860, vstest.console.dll, None of the sources provided any runnable platform, using the default platform: X64
TpTrace Information: 0 : 18644, 1, 2024/01/19, 22:42:10.524, 1229690977818, vstest.console.dll, Platform was updated to 'X64'.
TpTrace Information: 0 : 18644, 1, 2024/01/19, 22:42:10.528, 1229691016314, vstest.console.dll, InferRunSettingsHelper.IsTestSettingsEnabled: Unable to navigate to RunSettings/MSTest. Current node: RunSettings
TpTrace Information: 0 : 18644, 1, 2024/01/19, 22:42:10.529, 1229691023668, vstest.console.dll, AssemblyResolver.OnResolve: Microsoft.VisualStudio.TestPlatform.Fakes: Resolving assembly.
TpTrace Information: 0 : 18644, 1, 2024/01/19, 22:42:10.529, 1229691024981, vstest.console.dll, AssemblyResolver.OnResolve: Microsoft.VisualStudio.TestPlatform.Fakes: Searching in: 'C:\Program Files\dotnet\sdk\7.0.200\Extensions'.
TpTrace Information: 0 : 18644, 1, 2024/01/19, 22:42:10.529, 1229691026770, vstest.console.dll, AssemblyResolver.OnResolve: Microsoft.VisualStudio.TestPlatform.Fakes: Assembly path does not exist: 'C:\Program Files\dotnet\sdk\7.0.200\Extensions\Microsoft.VisualStudio.TestPlatform.Fakes.dll', returning.
TpTrace Information: 0 : 18644, 1, 2024/01/19, 22:42:10.529, 1229691028217, vstest.console.dll, AssemblyResolver.OnResolve: Microsoft.VisualStudio.TestPlatform.Fakes: Assembly path does not exist: 'C:\Program Files\dotnet\sdk\7.0.200\Extensions\Microsoft.VisualStudio.TestPlatform.Fakes.exe', returning.
TpTrace Information: 0 : 18644, 1, 2024/01/19, 22:42:10.529, 1229691028761, vstest.console.dll, AssemblyResolver.OnResolve: Microsoft.VisualStudio.TestPlatform.Fakes: Searching in: 'C:\Program Files\dotnet\sdk\7.0.200'.
TpTrace Information: 0 : 18644, 1, 2024/01/19, 22:42:10.529, 1229691029877, vstest.console.dll, AssemblyResolver.OnResolve: Microsoft.VisualStudio.TestPlatform.Fakes: Assembly path does not exist: 'C:\Program Files\dotnet\sdk\7.0.200\Microsoft.VisualStudio.TestPlatform.Fakes.dll', returning.
TpTrace Information: 0 : 18644, 1, 2024/01/19, 22:42:10.529, 1229691031042, vstest.console.dll, AssemblyResolver.OnResolve: Microsoft.VisualStudio.TestPlatform.Fakes: Assembly path does not exist: 'C:\Program Files\dotnet\sdk\7.0.200\Microsoft.VisualStudio.TestPlatform.Fakes.exe', returning.
TpTrace Information: 0 : 18644, 1, 2024/01/19, 22:42:10.530, 1229691031439, vstest.console.dll, AssemblyResolver.OnResolve: Microsoft.VisualStudio.TestPlatform.Fakes: Failed to load assembly.
TpTrace Information: 0 : 18644, 1, 2024/01/19, 22:42:10.530, 1229691034107, vstest.console.dll, Failed to load assembly Microsoft.VisualStudio.TestPlatform.Fakes, Version=17.0.0.0, Culture=neutral. Reason:System.IO.FileNotFoundException: Could not load file or assembly 'Microsoft.VisualStudio.TestPlatform.Fakes, Version=17.0.0.0, Culture=neutral, PublicKeyToken=null'. The system cannot find the file specified.
File name: 'Microsoft.VisualStudio.TestPlatform.Fakes, Version=17.0.0.0, Culture=neutral, PublicKeyToken=null'
   at System.Reflection.RuntimeAssembly.InternalLoad(AssemblyName assemblyName, StackCrawlMark& stackMark, AssemblyLoadContext assemblyLoadContext, RuntimeAssembly requestingAssembly, Boolean throwOnFileNotFound)
   at System.Reflection.Assembly.Load(AssemblyName assemblyRef)
   at Microsoft.VisualStudio.TestPlatform.Common.Utilities.FakesUtilities.LoadTestPlatformAssembly()
TpTrace Verbose: 0 : 18644, 1, 2024/01/19, 22:42:10.534, 1229691074498, vstest.console.dll, TestPluginCache.DiscoverTestExtensions: finding test extensions in assemblies ends with: TestLogger.dll TPluginInfo: Microsoft.VisualStudio.TestPlatform.Common.ExtensionFramework.Utilities.TestLoggerPluginInformation TExtension: Microsoft.VisualStudio.TestPlatform.ObjectModel.Client.ITestLogger
TpTrace Verbose: 0 : 18644, 1, 2024/01/19, 22:42:10.534, 1229691075773, vstest.console.dll, TestPluginCache.GetExtensionPaths: Filtered extension paths: 
TpTrace Verbose: 0 : 18644, 1, 2024/01/19, 22:42:10.534, 1229691076340, vstest.console.dll, TestPluginCache.GetExtensionPaths: Added default extension paths: C:\Program Files\dotnet\sdk\7.0.200\Extensions\Microsoft.Diagnostics.NETCore.Client.dll
C:\Program Files\dotnet\sdk\7.0.200\Extensions\Microsoft.TestPlatform.Extensions.BlameDataCollector.dll
C:\Program Files\dotnet\sdk\7.0.200\Extensions\Microsoft.TestPlatform.Extensions.EventLogCollector.dll
C:\Program Files\dotnet\sdk\7.0.200\Extensions\Microsoft.TestPlatform.TestHostRuntimeProvider.dll
C:\Program Files\dotnet\sdk\7.0.200\Extensions\Microsoft.VisualStudio.TestPlatform.Extensions.Html.TestLogger.dll
C:\Program Files\dotnet\sdk\7.0.200\Extensions\Microsoft.VisualStudio.TestPlatform.Extensions.Trx.TestLogger.dll
TpTrace Verbose: 0 : 18644, 1, 2024/01/19, 22:42:10.534, 1229691076811, vstest.console.dll, TestPluginCache.GetExtensionPaths: Added unfilterableExtensionPaths: 
TpTrace Information: 0 : 18644, 1, 2024/01/19, 22:42:10.534, 1229691078689, vstest.console.dll, AssemblyResolver.AddSearchDirectories: Adding more searchDirectories C:\Program Files\dotnet\sdk\7.0.200\Extensions,C:\Program Files\dotnet\sdk\7.0.200
TpTrace Verbose: 0 : 18644, 1, 2024/01/19, 22:42:10.534, 1229691079242, vstest.console.dll, TestPluginCache.DiscoverTestExtensions: Discovering the extensions using extension path.
TpTrace Verbose: 0 : 18644, 1, 2024/01/19, 22:42:10.534, 1229691079683, vstest.console.dll, TestPluginCache.GetExtensionPaths: Filtered extension paths: 
TpTrace Verbose: 0 : 18644, 1, 2024/01/19, 22:42:10.534, 1229691080032, vstest.console.dll, TestPluginCache.GetExtensionPaths: Added default extension paths: C:\Program Files\dotnet\sdk\7.0.200\Extensions\Microsoft.Diagnostics.NETCore.Client.dll
C:\Program Files\dotnet\sdk\7.0.200\Extensions\Microsoft.TestPlatform.Extensions.BlameDataCollector.dll
C:\Program Files\dotnet\sdk\7.0.200\Extensions\Microsoft.TestPlatform.Extensions.EventLogCollector.dll
C:\Program Files\dotnet\sdk\7.0.200\Extensions\Microsoft.TestPlatform.TestHostRuntimeProvider.dll
C:\Program Files\dotnet\sdk\7.0.200\Extensions\Microsoft.VisualStudio.TestPlatform.Extensions.Html.TestLogger.dll
C:\Program Files\dotnet\sdk\7.0.200\Extensions\Microsoft.VisualStudio.TestPlatform.Extensions.Trx.TestLogger.dll
TpTrace Verbose: 0 : 18644, 1, 2024/01/19, 22:42:10.534, 1229691080355, vstest.console.dll, TestPluginCache.GetExtensionPaths: Added unfilterableExtensionPaths: 
TpTrace Verbose: 0 : 18644, 1, 2024/01/19, 22:42:10.534, 1229691080740, vstest.console.dll, TestPluginCache.DiscoverTestExtensions: Discovering the extensions using allExtensionPaths: C:\Program Files\dotnet\sdk\7.0.200\Extensions\Microsoft.Diagnostics.NETCore.Client.dll
C:\Program Files\dotnet\sdk\7.0.200\Extensions\Microsoft.TestPlatform.Extensions.BlameDataCollector.dll
C:\Program Files\dotnet\sdk\7.0.200\Extensions\Microsoft.TestPlatform.Extensions.EventLogCollector.dll
C:\Program Files\dotnet\sdk\7.0.200\Extensions\Microsoft.TestPlatform.TestHostRuntimeProvider.dll
C:\Program Files\dotnet\sdk\7.0.200\Extensions\Microsoft.VisualStudio.TestPlatform.Extensions.Html.TestLogger.dll
C:\Program Files\dotnet\sdk\7.0.200\Extensions\Microsoft.VisualStudio.TestPlatform.Extensions.Trx.TestLogger.dll
TpTrace Information: 0 : 18644, 1, 2024/01/19, 22:42:10.535, 1229691081898, vstest.console.dll, AssemblyResolver.AddSearchDirectories: Adding more searchDirectories C:\Program Files\dotnet\sdk\7.0.200\Extensions,C:\Program Files\dotnet\sdk\7.0.200
TpTrace Information: 0 : 18644, 1, 2024/01/19, 22:42:10.535, 1229691082391, vstest.console.dll, AssemblyResolver.AddSearchDirectories: Adding more searchDirectories C:\Program Files\dotnet\sdk\7.0.200\Extensions,C:\Program Files\dotnet\sdk\7.0.200
TpTrace Information: 0 : 18644, 1, 2024/01/19, 22:42:10.535, 1229691082750, vstest.console.dll, AssemblyResolver.AddSearchDirectories: Adding more searchDirectories C:\Program Files\dotnet\sdk\7.0.200\Extensions,C:\Program Files\dotnet\sdk\7.0.200
TpTrace Information: 0 : 18644, 1, 2024/01/19, 22:42:10.535, 1229691083090, vstest.console.dll, AssemblyResolver.AddSearchDirectories: Adding more searchDirectories C:\Program Files\dotnet\sdk\7.0.200\Extensions,C:\Program Files\dotnet\sdk\7.0.200
TpTrace Information: 0 : 18644, 1, 2024/01/19, 22:42:10.535, 1229691083471, vstest.console.dll, AssemblyResolver.AddSearchDirectories: Adding more searchDirectories C:\Program Files\dotnet\sdk\7.0.200\Extensions,C:\Program Files\dotnet\sdk\7.0.200
TpTrace Information: 0 : 18644, 1, 2024/01/19, 22:42:10.535, 1229691083862, vstest.console.dll, AssemblyResolver.AddSearchDirectories: Adding more searchDirectories C:\Program Files\dotnet\sdk\7.0.200\Extensions,C:\Program Files\dotnet\sdk\7.0.200
TpTrace Verbose: 0 : 18644, 1, 2024/01/19, 22:42:10.535, 1229691084985, vstest.console.dll, MetadataReaderExtensionsHelper: Discovering extensions inside assembly 'Microsoft.Diagnostics.NETCore.Client, Version=0.2.6.42401, Culture=neutral, PublicKeyToken=31bf3856ad364e35' file path 'C:\Program Files\dotnet\sdk\7.0.200\Extensions\Microsoft.Diagnostics.NETCore.Client.dll'
TpTrace Information: 0 : 18644, 1, 2024/01/19, 22:42:10.536, 1229691097257, vstest.console.dll, AssemblyResolver.OnResolve: Microsoft.Bcl.AsyncInterfaces: Resolving assembly.
TpTrace Information: 0 : 18644, 1, 2024/01/19, 22:42:10.536, 1229691098118, vstest.console.dll, AssemblyResolver.OnResolve: Microsoft.Bcl.AsyncInterfaces: Resolved from cache.
TpTrace Verbose: 0 : 18644, 1, 2024/01/19, 22:42:10.536, 1229691099055, vstest.console.dll, CurrentDomainAssemblyResolve: Resolving assembly 'Microsoft.Bcl.AsyncInterfaces'.
TpTrace Information: 0 : 18644, 1, 2024/01/19, 22:42:10.536, 1229691099886, vstest.console.dll, AssemblyResolver.OnResolve: Microsoft.Bcl.AsyncInterfaces: Resolving assembly.
TpTrace Information: 0 : 18644, 1, 2024/01/19, 22:42:10.536, 1229691100804, vstest.console.dll, AssemblyResolver.OnResolve: Microsoft.Bcl.AsyncInterfaces: Resolved from cache.
TpTrace Verbose: 0 : 18644, 1, 2024/01/19, 22:42:10.537, 1229691101417, vstest.console.dll, CurrentDomainAssemblyResolve: Resolving assembly 'Microsoft.Bcl.AsyncInterfaces'.
TpTrace Verbose: 0 : 18644, 1, 2024/01/19, 22:42:10.537, 1229691101750, vstest.console.dll, CurrentDomainAssemblyResolve: Failed to resolve assembly 'Microsoft.Bcl.AsyncInterfaces'.
TpTrace Verbose: 0 : 18644, 1, 2024/01/19, 22:42:10.537, 1229691103480, vstest.console.dll, CurrentDomainAssemblyResolve: Failed to resolve assembly 'Microsoft.Bcl.AsyncInterfaces'.
TpTrace Warning: 0 : 18644, 1, 2024/01/19, 22:42:10.537, 1229691107790, vstest.console.dll, TestPluginDiscoverer: Failed to get types from assembly 'Microsoft.Diagnostics.NETCore.Client, Version=0.2.6.42401, Culture=neutral, PublicKeyToken=31bf3856ad364e35'. Error: System.Reflection.ReflectionTypeLoadException: Unable to load one or more of the requested types.
Could not load file or assembly 'Microsoft.Bcl.AsyncInterfaces, Version=1.0.0.0, Culture=neutral, PublicKeyToken=cc7b13ffcd2ddd51'. The system cannot find the file specified.
   at System.Reflection.RuntimeModule.GetTypes(RuntimeModule module)
   at System.Reflection.Assembly.GetTypes()
   at Microsoft.VisualStudio.TestPlatform.Common.ExtensionFramework.TestPluginDiscoverer.GetTestExtensionsFromAssembly[TPluginInfo,TExtension](Assembly assembly, Dictionary`2 pluginInfos, String filePath)
System.IO.FileNotFoundException: Could not load file or assembly 'Microsoft.Bcl.AsyncInterfaces, Version=1.0.0.0, Culture=neutral, PublicKeyToken=cc7b13ffcd2ddd51'. The system cannot find the file specified.
File name: 'Microsoft.Bcl.AsyncInterfaces, Version=1.0.0.0, Culture=neutral, PublicKeyToken=cc7b13ffcd2ddd51'
 ---> System.IO.FileNotFoundException: Could not load file or assembly 'Microsoft.Bcl.AsyncInterfaces, Culture=neutral, PublicKeyToken=null'. The system cannot find the file specified.
File name: 'Microsoft.Bcl.AsyncInterfaces, Culture=neutral, PublicKeyToken=null'
   at System.Reflection.RuntimeAssembly.InternalLoad(AssemblyName assemblyName, StackCrawlMark& stackMark, AssemblyLoadContext assemblyLoadContext, RuntimeAssembly requestingAssembly, Boolean throwOnFileNotFound)
   at System.Reflection.Assembly.Load(AssemblyName assemblyRef)
   at Microsoft.VisualStudio.TestPlatform.Common.ExtensionFramework.TestPluginCache.CurrentDomainAssemblyResolve(Object sender, AssemblyResolveEventArgs args)
   at System.Runtime.Loader.AssemblyLoadContext.GetFirstResolvedAssemblyFromResolvingEvent(AssemblyName assemblyName)
   at System.Runtime.Loader.AssemblyLoadContext.ResolveUsingEvent(AssemblyName assemblyName)
   at System.Runtime.Loader.AssemblyLoadContext.ResolveUsingResolvingEvent(IntPtr gchManagedAssemblyLoadContext, AssemblyName assemblyName)
TpTrace Warning: 0 : 18644, 1, 2024/01/19, 22:42:10.537, 1229691111005, vstest.console.dll, LoaderExceptions: System.IO.FileNotFoundException: Could not load file or assembly 'Microsoft.Bcl.AsyncInterfaces, Version=1.0.0.0, Culture=neutral, PublicKeyToken=cc7b13ffcd2ddd51'. The system cannot find the file specified.
File name: 'Microsoft.Bcl.AsyncInterfaces, Version=1.0.0.0, Culture=neutral, PublicKeyToken=cc7b13ffcd2ddd51'
 ---> System.IO.FileNotFoundException: Could not load file or assembly 'Microsoft.Bcl.AsyncInterfaces, Culture=neutral, PublicKeyToken=null'. The system cannot find the file specified.
File name: 'Microsoft.Bcl.AsyncInterfaces, Culture=neutral, PublicKeyToken=null'
   at System.Reflection.RuntimeAssembly.InternalLoad(AssemblyName assemblyName, StackCrawlMark& stackMark, AssemblyLoadContext assemblyLoadContext, RuntimeAssembly requestingAssembly, Boolean throwOnFileNotFound)
   at System.Reflection.Assembly.Load(AssemblyName assemblyRef)
   at Microsoft.VisualStudio.TestPlatform.Common.ExtensionFramework.TestPluginCache.CurrentDomainAssemblyResolve(Object sender, AssemblyResolveEventArgs args)
   at System.Runtime.Loader.AssemblyLoadContext.GetFirstResolvedAssemblyFromResolvingEvent(AssemblyName assemblyName)
   at System.Runtime.Loader.AssemblyLoadContext.ResolveUsingEvent(AssemblyName assemblyName)
   at System.Runtime.Loader.AssemblyLoadContext.ResolveUsingResolvingEvent(IntPtr gchManagedAssemblyLoadContext, AssemblyName assemblyName)
TpTrace Verbose: 0 : 18644, 1, 2024/01/19, 22:42:10.538, 1229691112270, vstest.console.dll, MetadataReaderExtensionsHelper: Discovering extensions inside assembly 'Microsoft.TestPlatform.Extensions.BlameDataCollector, Version=15.0.0.0, Culture=neutral, PublicKeyToken=b03f5f7f11d50a3a' file path 'C:\Program Files\dotnet\sdk\7.0.200\Extensions\Microsoft.TestPlatform.Extensions.BlameDataCollector.dll'
TpTrace Information: 0 : 18644, 1, 2024/01/19, 22:42:10.539, 1229691121923, vstest.console.dll, GetTestExtensionFromType: Register extension with identifier data 'logger://Microsoft/TestPlatform/Extensions/Blame/v1' and type 'Microsoft.TestPlatform.Extensions.BlameDataCollector.BlameLogger, Microsoft.TestPlatform.Extensions.BlameDataCollector, Version=15.0.0.0, Culture=neutral, PublicKeyToken=b03f5f7f11d50a3a' inside file 'C:\Program Files\dotnet\sdk\7.0.200\Extensions\Microsoft.TestPlatform.Extensions.BlameDataCollector.dll'
TpTrace Verbose: 0 : 18644, 1, 2024/01/19, 22:42:10.539, 1229691122783, vstest.console.dll, MetadataReaderExtensionsHelper: Discovering extensions inside assembly 'Microsoft.TestPlatform.Extensions.EventLogCollector, Version=15.0.0.0, Culture=neutral, PublicKeyToken=b03f5f7f11d50a3a' file path 'C:\Program Files\dotnet\sdk\7.0.200\Extensions\Microsoft.TestPlatform.Extensions.EventLogCollector.dll'
TpTrace Verbose: 0 : 18644, 1, 2024/01/19, 22:42:10.539, 1229691128830, vstest.console.dll, MetadataReaderExtensionsHelper: Discovering extensions inside assembly 'Microsoft.TestPlatform.TestHostRuntimeProvider, Version=15.0.0.0, Culture=neutral, PublicKeyToken=b03f5f7f11d50a3a' file path 'C:\Program Files\dotnet\sdk\7.0.200\Extensions\Microsoft.TestPlatform.TestHostRuntimeProvider.dll'
TpTrace Verbose: 0 : 18644, 1, 2024/01/19, 22:42:10.540, 1229691134092, vstest.console.dll, MetadataReaderExtensionsHelper: Discovering extensions inside assembly 'Microsoft.VisualStudio.TestPlatform.Extensions.Html.TestLogger, Version=15.0.0.0, Culture=neutral, PublicKeyToken=b03f5f7f11d50a3a' file path 'C:\Program Files\dotnet\sdk\7.0.200\Extensions\Microsoft.VisualStudio.TestPlatform.Extensions.Html.TestLogger.dll'
TpTrace Information: 0 : 18644, 1, 2024/01/19, 22:42:10.541, 1229691141785, vstest.console.dll, GetTestExtensionFromType: Register extension with identifier data 'logger://Microsoft/TestPlatform/HtmlLogger/v1' and type 'Microsoft.VisualStudio.TestPlatform.Extensions.HtmlLogger.HtmlLogger, Microsoft.VisualStudio.TestPlatform.Extensions.Html.TestLogger, Version=15.0.0.0, Culture=neutral, PublicKeyToken=b03f5f7f11d50a3a' inside file 'C:\Program Files\dotnet\sdk\7.0.200\Extensions\Microsoft.VisualStudio.TestPlatform.Extensions.Html.TestLogger.dll'
TpTrace Verbose: 0 : 18644, 1, 2024/01/19, 22:42:10.541, 1229691142494, vstest.console.dll, MetadataReaderExtensionsHelper: Discovering extensions inside assembly 'Microsoft.VisualStudio.TestPlatform.Extensions.Trx.TestLogger, Version=15.0.0.0, Culture=neutral, PublicKeyToken=b03f5f7f11d50a3a' file path 'C:\Program Files\dotnet\sdk\7.0.200\Extensions\Microsoft.VisualStudio.TestPlatform.Extensions.Trx.TestLogger.dll'
TpTrace Information: 0 : 18644, 1, 2024/01/19, 22:42:10.541, 1229691147972, vstest.console.dll, GetTestExtensionFromType: Register extension with identifier data 'logger://Microsoft/TestPlatform/TrxLogger/v1' and type 'Microsoft.VisualStudio.TestPlatform.Extensions.TrxLogger.TrxLogger, Microsoft.VisualStudio.TestPlatform.Extensions.Trx.TestLogger, Version=15.0.0.0, Culture=neutral, PublicKeyToken=b03f5f7f11d50a3a' inside file 'C:\Program Files\dotnet\sdk\7.0.200\Extensions\Microsoft.VisualStudio.TestPlatform.Extensions.Trx.TestLogger.dll'
TpTrace Verbose: 0 : 18644, 1, 2024/01/19, 22:42:10.541, 1229691149016, vstest.console.dll, TestPluginCache: Discovered the extensions using extension path ''.
TpTrace Verbose: 0 : 18644, 1, 2024/01/19, 22:42:10.541, 1229691149502, vstest.console.dll, TestPluginCache: Discoverers are ''.
TpTrace Verbose: 0 : 18644, 1, 2024/01/19, 22:42:10.541, 1229691149814, vstest.console.dll, TestPluginCache: Executors are ''.
TpTrace Verbose: 0 : 18644, 1, 2024/01/19, 22:42:10.541, 1229691150090, vstest.console.dll, TestPluginCache: Executors2 are ''.
TpTrace Verbose: 0 : 18644, 1, 2024/01/19, 22:42:10.541, 1229691150363, vstest.console.dll, TestPluginCache: Setting providers are ''.
TpTrace Verbose: 0 : 18644, 1, 2024/01/19, 22:42:10.542, 1229691152043, vstest.console.dll, TestPluginCache: Loggers are 'logger://Microsoft/TestPlatform/Extensions/Blame/v1,logger://Microsoft/TestPlatform/HtmlLogger/v1,logger://Microsoft/TestPlatform/TrxLogger/v1'.
TpTrace Verbose: 0 : 18644, 1, 2024/01/19, 22:42:10.542, 1229691152705, vstest.console.dll, TestPluginCache: TestHosts are 'HostProvider://DefaultTestHost,HostProvider://DotnetTestHost'.
TpTrace Verbose: 0 : 18644, 1, 2024/01/19, 22:42:10.542, 1229691153122, vstest.console.dll, TestPluginCache: DataCollectors are ''.
TpTrace Information: 0 : 18644, 1, 2024/01/19, 22:42:10.543, 1229691169374, vstest.console.dll, TestPluginManager.CreateTestExtension: Attempting to load test extension: Microsoft.TestPlatform.Extensions.BlameDataCollector.BlameLogger
TpTrace Verbose: 0 : 18644, 1, 2024/01/19, 22:42:10.554, 1229691276563, vstest.console.dll, TestEngine: Initializing Parallel Execution as MaxCpuCount is set to: 1
TpTrace Information: 0 : 18644, 1, 2024/01/19, 22:42:10.557, 1229691308535, vstest.console.dll, TestPluginManager.CreateTestExtension: Attempting to load test extension: Microsoft.VisualStudio.TestPlatform.CrossPlatEngine.Hosting.DefaultTestHostManager
TpTrace Information: 0 : 18644, 1, 2024/01/19, 22:42:10.559, 1229691322881, vstest.console.dll, TestPluginManager.CreateTestExtension: Attempting to load test extension: Microsoft.VisualStudio.TestPlatform.CrossPlatEngine.Hosting.DotnetTestHostManager
TpTrace Information: 0 : 18644, 1, 2024/01/19, 22:42:10.560, 1229691339966, vstest.console.dll, InferRunSettingsHelper.IsTestSettingsEnabled: Unable to navigate to RunSettings/MSTest. Current node: RunSettings
TpTrace Verbose: 0 : 18644, 1, 2024/01/19, 22:42:10.566, 1229691396237, vstest.console.dll, TestEngine.GetExecutionManager: Chosen execution manager 'Microsoft.VisualStudio.TestPlatform.CrossPlatEngine.Client.Parallel.ParallelProxyExecutionManager, Microsoft.TestPlatform.CrossPlatEngine, Version=15.0.0.0, Culture=neutral, PublicKeyToken=b03f5f7f11d50a3a' ParallelLevel '1'.
TpTrace Verbose: 0 : 18644, 1, 2024/01/19, 22:42:10.566, 1229691398472, vstest.console.dll, TestRunRequest.ExecuteAsync: Creating test run request.
TpTrace Verbose: 0 : 18644, 1, 2024/01/19, 22:42:10.567, 1229691401511, vstest.console.dll, TestRunRequest.ExecuteAsync: Starting.
TpTrace Information: 0 : 18644, 1, 2024/01/19, 22:42:10.567, 1229691405093, vstest.console.dll, TestRunRequest.ExecuteAsync: Starting run with settings:TestRunCriteria:
   KeepAlive=False,FrequencyOfRunStatsChangeEvent=10,RunStatsChangeEventTimeout=00:00:01.5000000,TestCaseFilter=,TestExecutorLauncher=
   Settingsxml=<RunSettings>
  <RunConfiguration>
    <ResultsDirectory>C:\Users\Vytautas\Desktop\PresentConnection užduotis\PizzaShop\PizzaShop.UnitTests\bin\Debug\net7.0\fine-code-coverage\coverage-tool-output</ResultsDirectory>
    <TargetPlatform>X64</TargetPlatform>
    <TargetFrameworkVersion>.NETCoreApp,Version=v7.0</TargetFrameworkVersion>
    <DesignMode>False</DesignMode>
    <CollectSourceInformation>False</CollectSourceInformation>
  </RunConfiguration>
  <LoggerRunSettings>
    <Loggers>
      <Logger friendlyName="blame" enabled="True" />
      <Logger friendlyName="Console" uri="logger://microsoft/TestPlatform/ConsoleLogger/v1" assemblyQualifiedName="Microsoft.VisualStudio.TestPlatform.CommandLine.Internal.ConsoleLogger, vstest.console, Version=15.0.0.0, Culture=neutral, PublicKeyToken=b03f5f7f11d50a3a" codeBase="C:\Program Files\dotnet\sdk\7.0.200\vstest.console.dll" enabled="True" />
    </Loggers>
  </LoggerRunSettings>
  <DataCollectionRunSettings>
    <DataCollectors>
      <DataCollector friendlyName="blame" enabled="True">
        <Configuration>
          <ResultsDirectory>C:\Users\Vytautas\Desktop\PresentConnection užduotis\PizzaShop\PizzaShop.UnitTests\bin\Debug\net7.0\fine-code-coverage\coverage-tool-output</ResultsDirectory>
        </Configuration>
      </DataCollector>
    </DataCollectors>
  </DataCollectionRunSettings>
</RunSettings>

TpTrace Verbose: 0 : 18644, 1, 2024/01/19, 22:42:10.567, 1229691405773, vstest.console.dll, TestRunRequest.ExecuteAsync: Wait for the first run request is over.
TpTrace Verbose: 0 : 18644, 1, 2024/01/19, 22:42:10.567, 1229691408903, vstest.console.dll, MulticastDelegateUtilities.SafeInvoke: TestRun.TestRunStart: Invoking callbacks was skipped because there are no subscribers.
TpTrace Verbose: 0 : 18644, 4, 2024/01/19, 22:42:10.570, 1229691434158, vstest.console.dll, MulticastDelegateUtilities.SafeInvoke: InternalTestLoggerEvents.SendTestRunStart: Invoking callback 1/1 for Microsoft.VisualStudio.TestPlatform.CommandLine.Internal.ConsoleLogger., took 0 ms.
TpTrace Verbose: 0 : 18644, 1, 2024/01/19, 22:42:10.571, 1229691449561, vstest.console.dll, ParallelProxyExecutionManager: Start execution. Total sources: 1
TpTrace Verbose: 0 : 18644, 1, 2024/01/19, 22:42:10.574, 1229691475728, vstest.console.dll, TestRequestSender is acting as server.
TpTrace Verbose: 0 : 18644, 1, 2024/01/19, 22:42:10.576, 1229691491335, vstest.console.dll, DataCollectionRequestSender.InitializeCommunication : Initialize communication. 
TpTrace Information: 0 : 18644, 1, 2024/01/19, 22:42:10.582, 1229691553595, vstest.console.dll, Listening on Endpoint : 127.0.0.1:55689
TpTrace Verbose: 0 : 18644, 1, 2024/01/19, 22:42:10.590, 1229691638317, vstest.console.dll, DotnetDataCollectionLauncher: Adding  --runtimeconfig "C:\Program Files\dotnet\sdk\7.0.200\datacollector.runtimeconfig.json" in args
TpTrace Verbose: 0 : 18644, 1, 2024/01/19, 22:42:10.590, 1229691640480, vstest.console.dll, DotnetDataCollectionLauncher: Adding  --depsfile "C:\Program Files\dotnet\sdk\7.0.200\datacollector.deps.json" in args
TpTrace Verbose: 0 : 18644, 1, 2024/01/19, 22:42:10.591, 1229691645086, vstest.console.dll, DotnetDataCollectionLauncher: Full path of dotnet.exe is C:\Program Files\dotnet\dotnet.exe
TpTrace Information: 0 : 18644, 1, 2024/01/19, 22:42:10.605, 1229691786892, vstest.console.dll, ProxyDataCollectionManager.Initialize: Launched datacollector processId: 5348 port: 55689
TpTrace Information: 0 : 18644, 1, 2024/01/19, 22:42:10.605, 1229691789155, vstest.console.dll, ProxyDataCollectionManager.Initialize: waiting for connection with timeout: 90 seconds
TpTrace Verbose: 0 : 18644, 1, 2024/01/19, 22:42:10.605, 1229691790293, vstest.console.dll, DataCollectionRequestSender.WaitForRequestHandlerConnection : Waiting for connection with timeout: 90000
TpTrace Information: 0 : 18644, 10, 2024/01/19, 22:42:10.784, 1229693576216, vstest.console.dll, Using the buffer size of 16384 bytes
TpTrace Verbose: 0 : 18644, 1, 2024/01/19, 22:42:10.784, 1229693576207, vstest.console.dll, SocketCommunicationManager.WaitForClientConnection took: 178 ms, with 90000 ms timeout, and finished with True.
TpTrace Information: 0 : 18644, 10, 2024/01/19, 22:42:10.784, 1229693577339, vstest.console.dll, Accepted Client request and set the flag
TpTrace Verbose: 0 : 18644, 1, 2024/01/19, 22:42:10.784, 1229693578514, vstest.console.dll, ProxyDataCollectionManager.InvokeDataCollectionServiceAction: Starting.
TpTrace Information: 0 : 18644, 1, 2024/01/19, 22:42:10.784, 1229693579493, vstest.console.dll, ProxyDataCollectionManager.BeforeTestRunStart: Get environment variable and port for datacollector processId: 5348 port: 55689
TpTrace Verbose: 0 : 18644, 1, 2024/01/19, 22:42:10.784, 1229693580696, vstest.console.dll, DataCollectionRequestSender.SendBeforeTestRunStartAndGetResult: Send BeforeTestRunStart message with settingsXml <RunSettings><RunConfiguration><ResultsDirectory>C:\Users\Vytautas\Desktop\PresentConnection užduotis\PizzaShop\PizzaShop.UnitTests\bin\Debug\net7.0\fine-code-coverage\coverage-tool-output</ResultsDirectory><TargetPlatform>X64</TargetPlatform><TargetFrameworkVersion>.NETCoreApp,Version=v7.0</TargetFrameworkVersion><DesignMode>False</DesignMode><CollectSourceInformation>False</CollectSourceInformation><TestAdaptersPaths>C:\Program Files\dotnet\sdk\7.0.200\Extensions</TestAdaptersPaths></RunConfiguration><LoggerRunSettings><Loggers><Logger friendlyName="blame" enabled="True" /><Logger friendlyName="Console" uri="logger://microsoft/TestPlatform/ConsoleLogger/v1" assemblyQualifiedName="Microsoft.VisualStudio.TestPlatform.CommandLine.Internal.ConsoleLogger, vstest.console, Version=15.0.0.0, Culture=neutral, PublicKeyToken=b03f5f7f11d50a3a" codeBase="C:\Program Files\dotnet\sdk\7.0.200\vstest.console.dll" enabled="True" /></Loggers></LoggerRunSettings><DataCollectionRunSettings><DataCollectors><DataCollector friendlyName="blame" enabled="True"><Configuration><ResultsDirectory>C:\Users\Vytautas\Desktop\PresentConnection užduotis\PizzaShop\PizzaShop.UnitTests\bin\Debug\net7.0\fine-code-coverage\coverage-tool-output</ResultsDirectory></Configuration></DataCollector></DataCollectors></DataCollectionRunSettings></RunSettings> and sources System.Collections.Generic.List`1[System.String]: 
TpTrace Verbose: 0 : 18644, 1, 2024/01/19, 22:42:10.901, 1229694746063, vstest.console.dll, DataCollectionRequestSender.SendBeforeTestRunStartAndGetResult: Received message: (DataCollection.SendMessage) -> {"MessageType":"DataCollection.SendMessage","Payload":{"FriendlyName":null,"Uri":null,"TestCaseId":"00000000-0000-0000-0000-000000000000","Message":"Logging DataCollector Diagnostics in file: C:\\Users\\Vytautas\\Desktop\\PresentConnection užduotis\\PizzaShop\\PizzaShop.UnitTests\\bin\\Debug\\net7.0\\fine-code-coverage\\coverage-tool-output\\diagnostics.datacollector.24-01-19_22-42-10_59025_1.log","Level":0}}
TpTrace Verbose: 0 : 18644, 1, 2024/01/19, 22:42:11.029, 1229696027085, vstest.console.dll, DataCollectionRequestSender.SendBeforeTestRunStartAndGetResult: Received message: (DataCollection.BeforeTestRunStartResult) -> {"MessageType":"DataCollection.BeforeTestRunStartResult","Payload":{"EnvironmentVariables":{},"DataCollectionEventsPort":55691}}
TpTrace Information: 0 : 18644, 1, 2024/01/19, 22:42:11.034, 1229696080190, vstest.console.dll, ProxyDataCollectionManager.BeforeTestRunStart: SendBeforeTestRunStartAndGetResult successful, env variable from datacollector:   and testhost port: 55691
TpTrace Information: 0 : 18644, 1, 2024/01/19, 22:42:11.035, 1229696081337, vstest.console.dll, ProxyDataCollectionManager.InvokeDataCollectionServiceAction: Completed.
TpTrace Verbose: 0 : 18644, 7, 2024/01/19, 22:42:11.035, 1229696082586, vstest.console.dll, ParallelProxyExecutionManager: Execution started. Started clients: 1
TpTrace Verbose: 0 : 18644, 1, 2024/01/19, 22:42:11.035, 1229696082918, vstest.console.dll, ProxyParallelExecutionManager: No sources available for execution.
TpTrace Information: 0 : 18644, 1, 2024/01/19, 22:42:11.035, 1229696084072, vstest.console.dll, TestRunRequest.ExecuteAsync: Started.
TpTrace Verbose: 0 : 18644, 1, 2024/01/19, 22:42:11.035, 1229696085009, vstest.console.dll, TestRunRequest.WaitForCompletion: Waiting with timeout -1.
TpTrace Verbose: 0 : 18644, 7, 2024/01/19, 22:42:11.035, 1229696085412, vstest.console.dll, TestRunRequest:SendTestRunMessage: Starting.
TpTrace Verbose: 0 : 18644, 7, 2024/01/19, 22:42:11.035, 1229696086843, vstest.console.dll, MulticastDelegateUtilities.SafeInvoke: TestRun.LogMessages: Invoking callback 1/1 for Microsoft.VisualStudio.TestPlatform.CommandLine.TestRunResultAggregator., took 0 ms.
TpTrace Information: 0 : 18644, 7, 2024/01/19, 22:42:11.035, 1229696087266, vstest.console.dll, TestRunRequest:SendTestRunMessage: Completed.
TpTrace Verbose: 0 : 18644, 4, 2024/01/19, 22:42:11.035, 1229696088445, vstest.console.dll, MulticastDelegateUtilities.SafeInvoke: InternalTestLoggerEvents.SendTestRunMessage: Invoking callback 1/1 for Microsoft.VisualStudio.TestPlatform.CommandLine.Internal.ConsoleLogger., took 0 ms.
TpTrace Verbose: 0 : 18644, 7, 2024/01/19, 22:42:11.035, 1229696089041, vstest.console.dll, ProxyExecutionManager: Test host is always Lazy initialize.
TpTrace Verbose: 0 : 18644, 7, 2024/01/19, 22:42:11.036, 1229696091968, vstest.console.dll, TestRequestSender.InitializeCommunication: initialize communication. 
TpTrace Information: 0 : 18644, 7, 2024/01/19, 22:42:11.036, 1229696098219, vstest.console.dll, SocketServer.Start: Listening on endpoint : 127.0.0.1:55692
TpTrace Verbose: 0 : 18644, 7, 2024/01/19, 22:42:11.037, 1229696110900, vstest.console.dll, DotnetTestHostmanager.GetTestHostProcessStartInfo: Platform environment 'X64' target architecture 'X64' framework '.NETCoreApp,Version=v7.0' OS 'Windows'
TpTrace Verbose: 0 : 18644, 7, 2024/01/19, 22:42:11.038, 1229696113623, vstest.console.dll, DotnetTestHostmanager: Adding  --runtimeconfig "C:\Users\Vytautas\Desktop\PresentConnection užduotis\PizzaShop\PizzaShop.UnitTests\bin\Debug\net7.0\fine-code-coverage\build-output\PizzaShop.UnitTests.runtimeconfig.json" in args
TpTrace Verbose: 0 : 18644, 7, 2024/01/19, 22:42:11.038, 1229696115394, vstest.console.dll, DotnetTestHostmanager: Adding  --depsfile "C:\Users\Vytautas\Desktop\PresentConnection užduotis\PizzaShop\PizzaShop.UnitTests\bin\Debug\net7.0\fine-code-coverage\build-output\PizzaShop.UnitTests.deps.json" in args
TpTrace Verbose: 0 : 18644, 7, 2024/01/19, 22:42:11.038, 1229696117228, vstest.console.dll, DotnetTestHostmanager.IsWinOnArm: Current PROCESSOR_ARCHITECTURE from environment variable 'AMD64'
TpTrace Verbose: 0 : 18644, 7, 2024/01/19, 22:42:11.038, 1229696117858, vstest.console.dll, DotnetTestHostmanager.IsWinOnArm: Is Windows on ARM 'False'
TpTrace Verbose: 0 : 18644, 7, 2024/01/19, 22:42:11.038, 1229696119077, vstest.console.dll, DotnetTestHostManager: testhost.exe found at path: C:\Users\Vytautas\Desktop\PresentConnection užduotis\PizzaShop\PizzaShop.UnitTests\bin\Debug\net7.0\fine-code-coverage\build-output\testhost.exe
TpTrace Verbose: 0 : 18644, 7, 2024/01/19, 22:42:11.038, 1229696119598, vstest.console.dll, DotnetTestHostmanager: Full path of host exe is C:\Users\Vytautas\Desktop\PresentConnection užduotis\PizzaShop\PizzaShop.UnitTests\bin\Debug\net7.0\fine-code-coverage\build-output\testhost.exe
TpTrace Verbose: 0 : 18644, 7, 2024/01/19, 22:42:11.039, 1229696121520, vstest.console.dll, DotnetTestHostmanager.LaunchTestHostAsync: Found 'VSTEST_WINAPPHOST_DOTNET_ROOT' in env variables, value 'C:\Program Files\dotnet', forwarding to 'DOTNET_ROOT'
TpTrace Verbose: 0 : 18644, 7, 2024/01/19, 22:42:11.039, 1229696124537, vstest.console.dll, DotnetTestHostManager: Starting process 'C:\Users\Vytautas\Desktop\PresentConnection užduotis\PizzaShop\PizzaShop.UnitTests\bin\Debug\net7.0\fine-code-coverage\build-output\testhost.exe' with command line ' --runtimeconfig "C:\Users\Vytautas\Desktop\PresentConnection užduotis\PizzaShop\PizzaShop.UnitTests\bin\Debug\net7.0\fine-code-coverage\build-output\PizzaShop.UnitTests.runtimeconfig.json" --depsfile "C:\Users\Vytautas\Desktop\PresentConnection užduotis\PizzaShop\PizzaShop.UnitTests\bin\Debug\net7.0\fine-code-coverage\build-output\PizzaShop.UnitTests.deps.json" --port 55692 --endpoint 127.0.0.1:055692 --role client --parentprocessid 18644 --diag "C:\Users\Vytautas\Desktop\PresentConnection užduotis\PizzaShop\PizzaShop.UnitTests\bin\Debug\net7.0\fine-code-coverage\coverage-tool-output\diagnostics.host.24-01-19_22-42-11_03735_7.log" --tracelevel 4 --datacollectionport 55691 --telemetryoptedin false'
TpTrace Verbose: 0 : 18644, 7, 2024/01/19, 22:42:11.050, 1229696235746, vstest.console.dll, MulticastDelegateUtilities.SafeInvoke: HostProviderEvents.OnHostLaunched: Invoking callback 1/2 for Microsoft.VisualStudio.TestPlatform.CrossPlatEngine.Client.ProxyExecutionManagerWithDataCollection., took 1 ms.
TpTrace Verbose: 0 : 18644, 7, 2024/01/19, 22:42:11.050, 1229696238364, vstest.console.dll, Test Runtime launched
TpTrace Verbose: 0 : 18644, 7, 2024/01/19, 22:42:11.050, 1229696239157, vstest.console.dll, MulticastDelegateUtilities.SafeInvoke: HostProviderEvents.OnHostLaunched: Invoking callback 2/2 for Microsoft.VisualStudio.TestPlatform.CrossPlatEngine.Client.ProxyOperationManager., took 0 ms.
TpTrace Verbose: 0 : 18644, 7, 2024/01/19, 22:42:11.051, 1229696241160, vstest.console.dll, TestRequestSender.WaitForRequestHandlerConnection: waiting for connection with timeout: 90000.
TpTrace Verbose: 0 : 18644, 7, 2024/01/19, 22:42:11.262, 1229698360337, vstest.console.dll, TestRequestSender.WaitForRequestHandlerConnection: waiting took 211 ms, with timeout 90000 ms, and result 0, which is success.
TpTrace Verbose: 0 : 18644, 11, 2024/01/19, 22:42:11.262, 1229698360337, vstest.console.dll, MulticastDelegateUtilities.SafeInvoke: SocketServer: ClientConnected: Invoking callback 1/1 for Microsoft.VisualStudio.TestPlatform.CommunicationUtilities.TestRequestSender., took 0 ms.
TpTrace Verbose: 0 : 18644, 11, 2024/01/19, 22:42:11.263, 1229698361832, vstest.console.dll, SocketServer.OnClientConnected: Client connected for endPoint: 127.0.0.1:55692, starting MessageLoopAsync:
TpTrace Verbose: 0 : 18644, 11, 2024/01/19, 22:42:11.263, 1229698363780, vstest.console.dll, TcpClientExtensions.MessageLoopAsync: Polling on remoteEndPoint: 127.0.0.1:55693 localEndPoint: 127.0.0.1:55692
TpTrace Verbose: 0 : 18644, 7, 2024/01/19, 22:42:11.263, 1229698370543, vstest.console.dll, TestRequestSender.CheckVersionWithTestHost: Sending check version message: {"MessageType":"ProtocolVersion","Payload":7}
TpTrace Verbose: 0 : 18644, 11, 2024/01/19, 22:42:11.390, 1229699632391, vstest.console.dll, TcpClientExtensions.MessageLoopAsync: NotifyDataAvailable remoteEndPoint: 127.0.0.1:55693 localEndPoint: 127.0.0.1:55692
TpTrace Verbose: 0 : 18644, 11, 2024/01/19, 22:42:11.390, 1229699634587, vstest.console.dll, TestRequestSender.CheckVersionWithTestHost: onMessageReceived received message: (ProtocolVersion) -> {"MessageType":"ProtocolVersion","Payload":7}
TpTrace Verbose: 0 : 18644, 11, 2024/01/19, 22:42:11.390, 1229699640738, vstest.console.dll, MulticastDelegateUtilities.SafeInvoke: LengthPrefixCommunicationChannel: MessageReceived: Invoking callback 1/1 for Microsoft.VisualStudio.TestPlatform.CommunicationUtilities.TestRequestSender+<>c__DisplayClass29_0., took 0 ms.
TpTrace Verbose: 0 : 18644, 7, 2024/01/19, 22:42:11.391, 1229699641547, vstest.console.dll, TestPluginCache.GetExtensionPaths: Filtered extension paths: 
TpTrace Verbose: 0 : 18644, 11, 2024/01/19, 22:42:11.391, 1229699641785, vstest.console.dll, TcpClientExtensions.MessageLoopAsync: Polling on remoteEndPoint: 127.0.0.1:55693 localEndPoint: 127.0.0.1:55692
TpTrace Verbose: 0 : 18644, 7, 2024/01/19, 22:42:11.391, 1229699642392, vstest.console.dll, TestPluginCache.GetExtensionPaths: Added default extension paths: C:\Program Files\dotnet\sdk\7.0.200\Extensions\Microsoft.Diagnostics.NETCore.Client.dll
C:\Program Files\dotnet\sdk\7.0.200\Extensions\Microsoft.TestPlatform.Extensions.BlameDataCollector.dll
C:\Program Files\dotnet\sdk\7.0.200\Extensions\Microsoft.TestPlatform.Extensions.EventLogCollector.dll
C:\Program Files\dotnet\sdk\7.0.200\Extensions\Microsoft.TestPlatform.TestHostRuntimeProvider.dll
C:\Program Files\dotnet\sdk\7.0.200\Extensions\Microsoft.VisualStudio.TestPlatform.Extensions.Html.TestLogger.dll
C:\Program Files\dotnet\sdk\7.0.200\Extensions\Microsoft.VisualStudio.TestPlatform.Extensions.Trx.TestLogger.dll
TpTrace Verbose: 0 : 18644, 7, 2024/01/19, 22:42:11.391, 1229699643340, vstest.console.dll, TestPluginCache.GetExtensionPaths: Added unfilterableExtensionPaths: 
TpTrace Verbose: 0 : 18644, 7, 2024/01/19, 22:42:11.395, 1229699683969, vstest.console.dll, TestRequestSender.InitializeExecution: Sending initialize execution with message: {"Version":7,"MessageType":"TestExecution.Initialize","Payload":["C:\\Users\\Vytautas\\Desktop\\PresentConnection užduotis\\PizzaShop\\PizzaShop.UnitTests\\bin\\Debug\\net7.0\\fine-code-coverage\\build-output\\xunit.runner.visualstudio.dotnetcore.testadapter.dll"]}
TpTrace Warning: 0 : 18644, 7, 2024/01/19, 22:42:11.395, 1229699689797, vstest.console.dll, InferRunSettingsHelper.MakeRunsettingsCompatible: Removing the following settings: TargetPlatform from RunSettings file. To use those settings please move to latest version of Microsoft.NET.Test.Sdk
TpTrace Verbose: 0 : 18644, 11, 2024/01/19, 22:42:11.398, 1229699719052, vstest.console.dll, TcpClientExtensions.MessageLoopAsync: NotifyDataAvailable remoteEndPoint: 127.0.0.1:55693 localEndPoint: 127.0.0.1:55692
TpTrace Verbose: 0 : 18644, 11, 2024/01/19, 22:42:11.399, 1229699724395, vstest.console.dll, TestRequestSender.OnExecutionMessageReceived: Received message: {"Version":7,"MessageType":"TestSession.Message","Payload":{"MessageLevel":0,"Message":"Logging TestHost Diagnostics in file: C:\\Users\\Vytautas\\Desktop\\PresentConnection užduotis\\PizzaShop\\PizzaShop.UnitTests\\bin\\Debug\\net7.0\\fine-code-coverage\\coverage-tool-output\\diagnostics.host.24-01-19_22-42-11_03735_7.log"}}
TpTrace Verbose: 0 : 18644, 11, 2024/01/19, 22:42:11.402, 1229699752647, vstest.console.dll, TestRunRequest:SendTestRunMessage: Starting.
TpTrace Verbose: 0 : 18644, 11, 2024/01/19, 22:42:11.402, 1229699755057, vstest.console.dll, MulticastDelegateUtilities.SafeInvoke: TestRun.LogMessages: Invoking callback 1/1 for Microsoft.VisualStudio.TestPlatform.CommandLine.TestRunResultAggregator., took 0 ms.
TpTrace Information: 0 : 18644, 11, 2024/01/19, 22:42:11.402, 1229699755776, vstest.console.dll, TestRunRequest:SendTestRunMessage: Completed.
TpTrace Verbose: 0 : 18644, 11, 2024/01/19, 22:42:11.402, 1229699756312, vstest.console.dll, MulticastDelegateUtilities.SafeInvoke: LengthPrefixCommunicationChannel: MessageReceived: Invoking callback 1/1 for Microsoft.VisualStudio.TestPlatform.CommunicationUtilities.TestRequestSender+<>c__DisplayClass34_0., took 3 ms.
TpTrace Verbose: 0 : 18644, 11, 2024/01/19, 22:42:11.402, 1229699756770, vstest.console.dll, TcpClientExtensions.MessageLoopAsync: Polling on remoteEndPoint: 127.0.0.1:55693 localEndPoint: 127.0.0.1:55692
TpTrace Verbose: 0 : 18644, 4, 2024/01/19, 22:42:11.402, 1229699757754, vstest.console.dll, MulticastDelegateUtilities.SafeInvoke: InternalTestLoggerEvents.SendTestRunMessage: Invoking callback 1/1 for Microsoft.VisualStudio.TestPlatform.CommandLine.Internal.ConsoleLogger., took 0 ms.
TpTrace Verbose: 0 : 18644, 7, 2024/01/19, 22:42:11.406, 1229699801111, vstest.console.dll, TestRequestSender.StartTestRun: Sending test run with message: {"Version":7,"MessageType":"TestExecution.StartWithSources","Payload":{"AdapterSourceMap":{"_none_":["C:\\Users\\Vytautas\\Desktop\\PresentConnection užduotis\\PizzaShop\\PizzaShop.UnitTests\\bin\\Debug\\net7.0\\fine-code-coverage\\build-output\\PizzaShop.UnitTests.dll"]},"RunSettings":"<RunSettings>\r\n  <RunConfiguration>\r\n    <ResultsDirectory>C:\\Users\\Vytautas\\Desktop\\PresentConnection užduotis\\PizzaShop\\PizzaShop.UnitTests\\bin\\Debug\\net7.0\\fine-code-coverage\\coverage-tool-output</ResultsDirectory>\r\n    <TargetFrameworkVersion>.NETCoreApp,Version=v7.0</TargetFrameworkVersion>\r\n    <DesignMode>False</DesignMode>\r\n    <CollectSourceInformation>False</CollectSourceInformation>\r\n  </RunConfiguration>\r\n  <LoggerRunSettings>\r\n    <Loggers>\r\n      <Logger friendlyName=\"blame\" enabled=\"True\" />\r\n      <Logger friendlyName=\"Console\" uri=\"logger://microsoft/TestPlatform/ConsoleLogger/v1\" assemblyQualifiedName=\"Microsoft.VisualStudio.TestPlatform.CommandLine.Internal.ConsoleLogger, vstest.console, Version=15.0.0.0, Culture=neutral, PublicKeyToken=b03f5f7f11d50a3a\" codeBase=\"C:\\Program Files\\dotnet\\sdk\\7.0.200\\vstest.console.dll\" enabled=\"True\" />\r\n    </Loggers>\r\n  </LoggerRunSettings>\r\n  <DataCollectionRunSettings>\r\n    <DataCollectors>\r\n      <DataCollector friendlyName=\"blame\" enabled=\"True\">\r\n        <Configuration>\r\n          <ResultsDirectory>C:\\Users\\Vytautas\\Desktop\\PresentConnection užduotis\\PizzaShop\\PizzaShop.UnitTests\\bin\\Debug\\net7.0\\fine-code-coverage\\coverage-tool-output</ResultsDirectory>\r\n        </Configuration>\r\n      </DataCollector>\r\n    </DataCollectors>\r\n  </DataCollectionRunSettings>\r\n</RunSettings>","TestExecutionContext":{"FrequencyOfRunStatsChangeEvent":10,"RunStatsChangeEventTimeout":"00:00:01.5000000","InIsolation":false,"KeepAlive":false,"AreTestCaseLevelEventsRequired":false,"IsDebug":false,"TestCaseFilter":null,"FilterOptions":null},"Package":null}}
TpTrace Verbose: 0 : 18644, 11, 2024/01/19, 22:42:11.633, 1229702064341, vstest.console.dll, TcpClientExtensions.MessageLoopAsync: NotifyDataAvailable remoteEndPoint: 127.0.0.1:55693 localEndPoint: 127.0.0.1:55692
TpTrace Verbose: 0 : 18644, 11, 2024/01/19, 22:42:11.633, 1229702065972, vstest.console.dll, TestRequestSender.OnExecutionMessageReceived: Received message: {"Version":7,"MessageType":"TestSession.Message","Payload":{"MessageLevel":0,"Message":"[xUnit.net 00:00:00.00] xUnit.net VSTest Adapter v2.4.5+1caef2f33e (64-bit .NET 7.0.3)"}}
TpTrace Verbose: 0 : 18644, 11, 2024/01/19, 22:42:11.633, 1229702070853, vstest.console.dll, TestRunRequest:SendTestRunMessage: Starting.
TpTrace Verbose: 0 : 18644, 11, 2024/01/19, 22:42:11.634, 1229702071874, vstest.console.dll, MulticastDelegateUtilities.SafeInvoke: TestRun.LogMessages: Invoking callback 1/1 for Microsoft.VisualStudio.TestPlatform.CommandLine.TestRunResultAggregator., took 0 ms.
TpTrace Information: 0 : 18644, 11, 2024/01/19, 22:42:11.634, 1229702072336, vstest.console.dll, TestRunRequest:SendTestRunMessage: Completed.
TpTrace Verbose: 0 : 18644, 11, 2024/01/19, 22:42:11.634, 1229702072725, vstest.console.dll, MulticastDelegateUtilities.SafeInvoke: LengthPrefixCommunicationChannel: MessageReceived: Invoking callback 1/1 for Microsoft.VisualStudio.TestPlatform.CommunicationUtilities.TestRequestSender+<>c__DisplayClass34_0., took 0 ms.
TpTrace Verbose: 0 : 18644, 11, 2024/01/19, 22:42:11.634, 1229702073168, vstest.console.dll, TcpClientExtensions.MessageLoopAsync: Polling on remoteEndPoint: 127.0.0.1:55693 localEndPoint: 127.0.0.1:55692
TpTrace Verbose: 0 : 18644, 4, 2024/01/19, 22:42:11.634, 1229702073832, vstest.console.dll, MulticastDelegateUtilities.SafeInvoke: InternalTestLoggerEvents.SendTestRunMessage: Invoking callback 1/1 for Microsoft.VisualStudio.TestPlatform.CommandLine.Internal.ConsoleLogger., took 0 ms.
TpTrace Verbose: 0 : 18644, 11, 2024/01/19, 22:42:12.455, 1229710287997, vstest.console.dll, TcpClientExtensions.MessageLoopAsync: NotifyDataAvailable remoteEndPoint: 127.0.0.1:55693 localEndPoint: 127.0.0.1:55692
TpTrace Verbose: 0 : 18644, 11, 2024/01/19, 22:42:12.455, 1229710289560, vstest.console.dll, TestRequestSender.OnExecutionMessageReceived: Received message: {"Version":7,"MessageType":"TestSession.Message","Payload":{"MessageLevel":0,"Message":"[xUnit.net 00:00:00.83]   Discovering: PizzaShop.UnitTests"}}
TpTrace Verbose: 0 : 18644, 11, 2024/01/19, 22:42:12.455, 1229710291011, vstest.console.dll, TestRunRequest:SendTestRunMessage: Starting.
TpTrace Verbose: 0 : 18644, 11, 2024/01/19, 22:42:12.456, 1229710291685, vstest.console.dll, MulticastDelegateUtilities.SafeInvoke: TestRun.LogMessages: Invoking callback 1/1 for Microsoft.VisualStudio.TestPlatform.CommandLine.TestRunResultAggregator., took 0 ms.
TpTrace Verbose: 0 : 18644, 4, 2024/01/19, 22:42:12.456, 1229710291949, vstest.console.dll, MulticastDelegateUtilities.SafeInvoke: InternalTestLoggerEvents.SendTestRunMessage: Invoking callback 1/1 for Microsoft.VisualStudio.TestPlatform.CommandLine.Internal.ConsoleLogger., took 0 ms.
TpTrace Information: 0 : 18644, 11, 2024/01/19, 22:42:12.456, 1229710292004, vstest.console.dll, TestRunRequest:SendTestRunMessage: Completed.
TpTrace Verbose: 0 : 18644, 11, 2024/01/19, 22:42:12.456, 1229710292943, vstest.console.dll, MulticastDelegateUtilities.SafeInvoke: LengthPrefixCommunicationChannel: MessageReceived: Invoking callback 1/1 for Microsoft.VisualStudio.TestPlatform.CommunicationUtilities.TestRequestSender+<>c__DisplayClass34_0., took 0 ms.
TpTrace Verbose: 0 : 18644, 11, 2024/01/19, 22:42:12.456, 1229710293281, vstest.console.dll, TcpClientExtensions.MessageLoopAsync: Polling on remoteEndPoint: 127.0.0.1:55693 localEndPoint: 127.0.0.1:55692
TpTrace Verbose: 0 : 18644, 11, 2024/01/19, 22:42:12.510, 1229710831216, vstest.console.dll, TcpClientExtensions.MessageLoopAsync: NotifyDataAvailable remoteEndPoint: 127.0.0.1:55693 localEndPoint: 127.0.0.1:55692
TpTrace Verbose: 0 : 18644, 11, 2024/01/19, 22:42:12.510, 1229710832442, vstest.console.dll, TestRequestSender.OnExecutionMessageReceived: Received message: {"Version":7,"MessageType":"TestSession.Message","Payload":{"MessageLevel":0,"Message":"[xUnit.net 00:00:00.88]   Discovered:  PizzaShop.UnitTests"}}
TpTrace Verbose: 0 : 18644, 11, 2024/01/19, 22:42:12.510, 1229710833739, vstest.console.dll, TestRunRequest:SendTestRunMessage: Starting.
TpTrace Verbose: 0 : 18644, 11, 2024/01/19, 22:42:12.510, 1229710834445, vstest.console.dll, MulticastDelegateUtilities.SafeInvoke: TestRun.LogMessages: Invoking callback 1/1 for Microsoft.VisualStudio.TestPlatform.CommandLine.TestRunResultAggregator., took 0 ms.
TpTrace Information: 0 : 18644, 11, 2024/01/19, 22:42:12.510, 1229710834811, vstest.console.dll, TestRunRequest:SendTestRunMessage: Completed.
TpTrace Verbose: 0 : 18644, 11, 2024/01/19, 22:42:12.510, 1229710835122, vstest.console.dll, MulticastDelegateUtilities.SafeInvoke: LengthPrefixCommunicationChannel: MessageReceived: Invoking callback 1/1 for Microsoft.VisualStudio.TestPlatform.CommunicationUtilities.TestRequestSender+<>c__DisplayClass34_0., took 0 ms.
TpTrace Verbose: 0 : 18644, 11, 2024/01/19, 22:42:12.510, 1229710835446, vstest.console.dll, TcpClientExtensions.MessageLoopAsync: Polling on remoteEndPoint: 127.0.0.1:55693 localEndPoint: 127.0.0.1:55692
TpTrace Verbose: 0 : 18644, 4, 2024/01/19, 22:42:12.522, 1229710960208, vstest.console.dll, MulticastDelegateUtilities.SafeInvoke: InternalTestLoggerEvents.SendTestRunMessage: Invoking callback 1/1 for Microsoft.VisualStudio.TestPlatform.CommandLine.Internal.ConsoleLogger., took 0 ms.
TpTrace Verbose: 0 : 18644, 11, 2024/01/19, 22:42:12.526, 1229710996052, vstest.console.dll, TcpClientExtensions.MessageLoopAsync: NotifyDataAvailable remoteEndPoint: 127.0.0.1:55693 localEndPoint: 127.0.0.1:55692
TpTrace Verbose: 0 : 18644, 11, 2024/01/19, 22:42:12.526, 1229710997452, vstest.console.dll, TestRequestSender.OnExecutionMessageReceived: Received message: {"Version":7,"MessageType":"TestSession.Message","Payload":{"MessageLevel":0,"Message":"[xUnit.net 00:00:00.90]   Starting:    PizzaShop.UnitTests"}}
TpTrace Verbose: 0 : 18644, 11, 2024/01/19, 22:42:12.526, 1229710998612, vstest.console.dll, TestRunRequest:SendTestRunMessage: Starting.
TpTrace Verbose: 0 : 18644, 11, 2024/01/19, 22:42:12.526, 1229710999241, vstest.console.dll, MulticastDelegateUtilities.SafeInvoke: TestRun.LogMessages: Invoking callback 1/1 for Microsoft.VisualStudio.TestPlatform.CommandLine.TestRunResultAggregator., took 0 ms.
TpTrace Verbose: 0 : 18644, 4, 2024/01/19, 22:42:12.526, 1229710999440, vstest.console.dll, MulticastDelegateUtilities.SafeInvoke: InternalTestLoggerEvents.SendTestRunMessage: Invoking callback 1/1 for Microsoft.VisualStudio.TestPlatform.CommandLine.Internal.ConsoleLogger., took 0 ms.
TpTrace Information: 0 : 18644, 11, 2024/01/19, 22:42:12.526, 1229710999550, vstest.console.dll, TestRunRequest:SendTestRunMessage: Completed.
TpTrace Verbose: 0 : 18644, 11, 2024/01/19, 22:42:12.526, 1229711000416, vstest.console.dll, MulticastDelegateUtilities.SafeInvoke: LengthPrefixCommunicationChannel: MessageReceived: Invoking callback 1/1 for Microsoft.VisualStudio.TestPlatform.CommunicationUtilities.TestRequestSender+<>c__DisplayClass34_0., took 0 ms.
TpTrace Verbose: 0 : 18644, 11, 2024/01/19, 22:42:12.526, 1229711000731, vstest.console.dll, TcpClientExtensions.MessageLoopAsync: Polling on remoteEndPoint: 127.0.0.1:55693 localEndPoint: 127.0.0.1:55692
TpTrace Verbose: 0 : 18644, 11, 2024/01/19, 22:42:12.687, 1229712605109, vstest.console.dll, TcpClientExtensions.MessageLoopAsync: NotifyDataAvailable remoteEndPoint: 127.0.0.1:55693 localEndPoint: 127.0.0.1:55692
TpTrace Verbose: 0 : 18644, 11, 2024/01/19, 22:42:12.687, 1229712608500, vstest.console.dll, TestRequestSender.OnExecutionMessageReceived: Received message: {"Version":7,"MessageType":"TestExecution.StatsChange","Payload":{"NewTestResults":[{"TestCase":{"Id":"7efa1246-1b89-f434-aa8e-2b4bc48b1a4f","FullyQualifiedName":"PizzaShop.UnitTests.PizzaOrderCostDecoratorTests.AddPriceForSize_DependingOnInput_ShouldReturnDifferentCost","DisplayName":"PizzaShop.UnitTests.PizzaOrderCostDecoratorTests.AddPriceForSize_DependingOnInput_ShouldReturnDifferentCost(size: \"Small\", expectedCost: 8)","ExecutorUri":"executor://xunit/VsTestRunner2/netcoreapp","Source":"C:\\Users\\Vytautas\\Desktop\\PresentConnection užduotis\\PizzaShop\\PizzaShop.UnitTests\\bin\\Debug\\net7.0\\fine-code-coverage\\build-output\\PizzaShop.UnitTests.dll","CodeFilePath":null,"LineNumber":0,"Properties":[]},"Attachments":[],"Outcome":1,"ErrorMessage":null,"ErrorStackTrace":null,"DisplayName":"PizzaShop.UnitTests.PizzaOrderCostDecoratorTests.AddPriceForSize_DependingOnInput_ShouldReturnDifferentCost(size: \"Small\", expectedCost: 8)","Messages":[],"ComputerName":"DESKTOP-DO2LNN2","Duration":"00:00:00.0091713","StartTime":"2024-01-19T20:42:12.6134726+00:00","EndTime":"2024-01-19T20:42:12.6134987+00:00","Properties":[]},{"TestCase":{"Id":"7b9d7519-e6f5-1894-5b8b-bb24ecf64bfc","FullyQualifiedName":"PizzaShop.UnitTests.PizzaOrderCostDecoratorTests.AddPriceForSize_DependingOnInput_ShouldReturnDifferentCost","DisplayName":"PizzaShop.UnitTests.PizzaOrderCostDecoratorTests.AddPriceForSize_DependingOnInput_ShouldReturnDifferentCost(size: \"Large\", expectedCost: 12)","ExecutorUri":"executor://xunit/VsTestRunner2/netcoreapp","Source":"C:\\Users\\Vytautas\\Desktop\\PresentConnection užduotis\\PizzaShop\\PizzaShop.UnitTests\\bin\\Debug\\net7.0\\fine-code-coverage\\build-output\\PizzaShop.UnitTests.dll","CodeFilePath":null,"LineNumber":0,"Properties":[]},"Attachments":[],"Outcome":1,"ErrorMessage":null,"ErrorStackTrace":null,"DisplayName":"PizzaShop.UnitTests.PizzaOrderCostDecoratorTests.AddPriceForSize_DependingOnInput_ShouldReturnDifferentCost(size: \"Large\", expectedCost: 12)","Messages":[],"ComputerName":"DESKTOP-DO2LNN2","Duration":"00:00:00.0002033","StartTime":"2024-01-19T20:42:12.6346126+00:00","EndTime":"2024-01-19T20:42:12.6346126+00:00","Properties":[]},{"TestCase":{"Id":"a26c6f17-b85e-1492-5100-0cb3842bc649","FullyQualifiedName":"PizzaShop.UnitTests.PizzaOrderCostDecoratorTests.AddPriceForSize_DependingOnInput_ShouldReturnDifferentCost","DisplayName":"PizzaShop.UnitTests.PizzaOrderCostDecoratorTests.AddPriceForSize_DependingOnInput_ShouldReturnDifferentCost(size: \"medium\", expectedCost: 10)","ExecutorUri":"executor://xunit/VsTestRunner2/netcoreapp","Source":"C:\\Users\\Vytautas\\Desktop\\PresentConnection užduotis\\PizzaShop\\PizzaShop.UnitTests\\bin\\Debug\\net7.0\\fine-code-coverage\\build-output\\PizzaShop.UnitTests.dll","CodeFilePath":null,"LineNumber":0,"Properties":[]},"Attachments":[],"Outcome":1,"ErrorMessage":null,"ErrorStackTrace":null,"DisplayName":"PizzaShop.UnitTests.PizzaOrderCostDecoratorTests.AddPriceForSize_DependingOnInput_ShouldReturnDifferentCost(size: \"medium\", expectedCost: 10)","Messages":[],"ComputerName":"DESKTOP-DO2LNN2","Duration":"00:00:00.0000101","StartTime":"2024-01-19T20:42:12.6384266+00:00","EndTime":"2024-01-19T20:42:12.6384267+00:00","Properties":[]},{"TestCase":{"Id":"dab7b075-0d89-30bd-96e9-07ee1aab6603","FullyQualifiedName":"PizzaShop.UnitTests.PizzaOrderCostDecoratorTests.AddPriceForSize_DependingOnInput_ShouldReturnDifferentCost","DisplayName":"PizzaShop.UnitTests.PizzaOrderCostDecoratorTests.AddPriceForSize_DependingOnInput_ShouldReturnDifferentCost(size: \"Medium\", expectedCost: 10)","ExecutorUri":"executor://xunit/VsTestRunner2/netcoreapp","Source":"C:\\Users\\Vytautas\\Desktop\\PresentConnection užduotis\\PizzaShop\\PizzaShop.UnitTests\\bin\\Debug\\net7.0\\fine-code-coverage\\build-output\\PizzaShop.UnitTests.dll","CodeFilePath":null,"LineNumber":0,"Properties":[]},"Attachments":[],"Outcome":1,"ErrorMessage":null,"ErrorStackTrace":null,"DisplayName":"PizzaShop.UnitTests.PizzaOrderCostDecoratorTests.AddPriceForSize_DependingOnInput_ShouldReturnDifferentCost(size: \"Medium\", expectedCost: 10)","Messages":[],"ComputerName":"DESKTOP-DO2LNN2","Duration":"00:00:00.0000067","StartTime":"2024-01-19T20:42:12.6404855+00:00","EndTime":"2024-01-19T20:42:12.6404855+00:00","Properties":[]},{"TestCase":{"Id":"618c65e5-e40a-51ab-0e88-af5d116f51f3","FullyQualifiedName":"PizzaShop.UnitTests.PizzaOrderCostDecoratorTests.AddPriceForSize_DependingOnInput_ShouldReturnDifferentCost","DisplayName":"PizzaShop.UnitTests.PizzaOrderCostDecoratorTests.AddPriceForSize_DependingOnInput_ShouldReturnDifferentCost(size: \"small\", expectedCost: 8)","ExecutorUri":"executor://xunit/VsTestRunner2/netcoreapp","Source":"C:\\Users\\Vytautas\\Desktop\\PresentConnection užduotis\\PizzaShop\\PizzaShop.UnitTests\\bin\\Debug\\net7.0\\fine-code-coverage\\build-output\\PizzaShop.UnitTests.dll","CodeFilePath":null,"LineNumber":0,"Properties":[]},"Attachments":[],"Outcome":1,"ErrorMessage":null,"ErrorStackTrace":null,"DisplayName":"PizzaShop.UnitTests.PizzaOrderCostDecoratorTests.AddPriceForSize_DependingOnInput_ShouldReturnDifferentCost(size: \"small\", expectedCost: 8)","Messages":[],"ComputerName":"DESKTOP-DO2LNN2","Duration":"00:00:00.0000061","StartTime":"2024-01-19T20:42:12.6497061+00:00","EndTime":"2024-01-19T20:42:12.6497061+00:00","Properties":[]},{"TestCase":{"Id":"05559b36-5090-c0ed-f10f-34b132a4e5f4","FullyQualifiedName":"PizzaShop.UnitTests.PizzaOrderCostDecoratorTests.AddPriceForSize_DependingOnInput_ShouldReturnDifferentCost","DisplayName":"PizzaShop.UnitTests.PizzaOrderCostDecoratorTests.AddPriceForSize_DependingOnInput_ShouldReturnDifferentCost(size: \"Incorrect\", expectedCost: -1)","ExecutorUri":"executor://xunit/VsTestRunner2/netcoreapp","Source":"C:\\Users\\Vytautas\\Desktop\\PresentConnection užduotis\\PizzaShop\\PizzaShop.UnitTests\\bin\\Debug\\net7.0\\fine-code-coverage\\build-output\\PizzaShop.UnitTests.dll","CodeFilePath":null,"LineNumber":0,"Properties":[]},"Attachments":[],"Outcome":1,"ErrorMessage":null,"ErrorStackTrace":null,"DisplayName":"PizzaShop.UnitTests.PizzaOrderCostDecoratorTests.AddPriceForSize_DependingOnInput_ShouldReturnDifferentCost(size: \"Incorrect\", expectedCost: -1)","Messages":[],"ComputerName":"DESKTOP-DO2LNN2","Duration":"00:00:00.0000046","StartTime":"2024-01-19T20:42:12.6515139+00:00","EndTime":"2024-01-19T20:42:12.651514+00:00","Properties":[]},{"TestCase":{"Id":"c8c71f2f-c369-4d15-b9de-29692103e93a","FullyQualifiedName":"PizzaShop.UnitTests.PizzaOrderCostDecoratorTests.AddPriceForSize_DependingOnInput_ShouldReturnDifferentCost","DisplayName":"PizzaShop.UnitTests.PizzaOrderCostDecoratorTests.AddPriceForSize_DependingOnInput_ShouldReturnDifferentCost(size: \"large\", expectedCost: 12)","ExecutorUri":"executor://xunit/VsTestRunner2/netcoreapp","Source":"C:\\Users\\Vytautas\\Desktop\\PresentConnection užduotis\\PizzaShop\\PizzaShop.UnitTests\\bin\\Debug\\net7.0\\fine-code-coverage\\build-output\\PizzaShop.UnitTests.dll","CodeFilePath":null,"LineNumber":0,"Properties":[]},"Attachments":[],"Outcome":1,"ErrorMessage":null,"ErrorStackTrace":null,"DisplayName":"PizzaShop.UnitTests.PizzaOrderCostDecoratorTests.AddPriceForSize_DependingOnInput_ShouldReturnDifferentCost(size: \"large\", expectedCost: 12)","Messages":[],"ComputerName":"DESKTOP-DO2LNN2","Duration":"00:00:00.0000039","StartTime":"2024-01-19T20:42:12.6535225+00:00","EndTime":"2024-01-19T20:42:12.6535226+00:00","Properties":[]},{"TestCase":{"Id":"1b68b7e1-2565-ca54-0575-da0b0009fefe","FullyQualifiedName":"PizzaShop.UnitTests.PizzaOrderCostDecoratorTests.AddToppingsDiscountIfEligible_DependingOnEligibility_ShouldDecideToGiveOrNotGiveDiscount","DisplayName":"PizzaShop.UnitTests.PizzaOrderCostDecoratorTests.AddToppingsDiscountIfEligible_DependingOnEligibility_ShouldDecideToGiveOrNotGiveDiscount","ExecutorUri":"executor://xunit/VsTestRunner2/netcoreapp","Source":"C:\\Users\\Vytautas\\Desktop\\PresentConnection užduotis\\PizzaShop\\PizzaShop.UnitTests\\bin\\Debug\\net7.0\\fine-code-coverage\\build-output\\PizzaShop.UnitTests.dll","CodeFilePath":null,"LineNumber":0,"Properties":[]},"Attachments":[],"Outcome":1,"ErrorMessage":null,"ErrorStackTrace":null,"DisplayName":"PizzaShop.UnitTests.PizzaOrderCostDecoratorTests.AddToppingsDiscountIfEligible_DependingOnEligibility_ShouldDecideToGiveOrNotGiveDiscount(toppings: [], initialCost: 10, expectedCost: 10)","Messages":[],"ComputerName":"DESKTOP-DO2LNN2","Duration":"00:00:00.0014964","StartTime":"2024-01-19T20:42:12.6557897+00:00","EndTime":"2024-01-19T20:42:12.6557898+00:00","Properties":[]},{"TestCase":{"Id":"1b68b7e1-2565-ca54-0575-da0b0009fefe","FullyQualifiedName":"PizzaShop.UnitTests.PizzaOrderCostDecoratorTests.AddToppingsDiscountIfEligible_DependingOnEligibility_ShouldDecideToGiveOrNotGiveDiscount","DisplayName":"PizzaShop.UnitTests.PizzaOrderCostDecoratorTests.AddToppingsDiscountIfEligible_DependingOnEligibility_ShouldDecideToGiveOrNotGiveDiscount","ExecutorUri":"executor://xunit/VsTestRunner2/netcoreapp","Source":"C:\\Users\\Vytautas\\Desktop\\PresentConnection užduotis\\PizzaShop\\PizzaShop.UnitTests\\bin\\Debug\\net7.0\\fine-code-coverage\\build-output\\PizzaShop.UnitTests.dll","CodeFilePath":null,"LineNumber":0,"Properties":[]},"Attachments":[],"Outcome":1,"ErrorMessage":null,"ErrorStackTrace":null,"DisplayName":"PizzaShop.UnitTests.PizzaOrderCostDecoratorTests.AddToppingsDiscountIfEligible_DependingOnEligibility_ShouldDecideToGiveOrNotGiveDiscount(toppings: [Topping { Id = 0, Name = null }, Topping { Id = 0, Name = null }, Topping { Id = 0, Name = null }, Topping { Id = 0, Name = null }], initialCost: 10, expectedCost: 9)","Messages":[],"ComputerName":"DESKTOP-DO2LNN2","Duration":"00:00:00.0002093","StartTime":"2024-01-19T20:42:12.6568997+00:00","EndTime":"2024-01-19T20:42:12.6568998+00:00","Properties":[]}],"TestRunStatistics":{"ExecutedTests":9,"Stats":{"Passed":9}},"ActiveTests":[{"Id":"8a86bd77-f78f-36e6-9b8c-b48887962c8f","FullyQualifiedName":"PizzaShop.UnitTests.PizzaOrderServiceTests.GetUserPizzaOrdersDto_ValidUser_ShouldReturnCorrectOrders","DisplayName":"PizzaShop.UnitTests.PizzaOrderServiceTests.GetUserPizzaOrdersDto_ValidUser_ShouldReturnCorrectOrders","ExecutorUri":"executor://xunit/VsTestRunner2/netcoreapp","Source":"C:\\Users\\Vytautas\\Desktop\\PresentConnection užduotis\\PizzaShop\\PizzaShop.UnitTests\\bin\\Debug\\net7.0\\fine-code-coverage\\build-output\\PizzaShop.UnitTests.dll","CodeFilePath":null,"LineNumber":0,"Properties":[]}]}}
TpTrace Verbose: 0 : 18644, 11, 2024/01/19, 22:42:12.710, 1229712832383, vstest.console.dll, TestRunRequest:SendTestRunStatsChange: Starting.
TpTrace Verbose: 0 : 18644, 11, 2024/01/19, 22:42:12.710, 1229712835382, vstest.console.dll, InProgress is PizzaShop.UnitTests.PizzaOrderServiceTests.GetUserPizzaOrdersDto_ValidUser_ShouldReturnCorrectOrders
TpTrace Verbose: 0 : 18644, 11, 2024/01/19, 22:42:12.710, 1229712840320, vstest.console.dll, MulticastDelegateUtilities.SafeInvoke: TestRun.RunStatsChanged: Invoking callbacks was skipped because there are no subscribers.
TpTrace Information: 0 : 18644, 11, 2024/01/19, 22:42:12.710, 1229712840901, vstest.console.dll, TestRunRequest:SendTestRunStatsChange: Completed.
TpTrace Verbose: 0 : 18644, 11, 2024/01/19, 22:42:12.711, 1229712841268, vstest.console.dll, MulticastDelegateUtilities.SafeInvoke: LengthPrefixCommunicationChannel: MessageReceived: Invoking callback 1/1 for Microsoft.VisualStudio.TestPlatform.CommunicationUtilities.TestRequestSender+<>c__DisplayClass34_0., took 23 ms.
TpTrace Verbose: 0 : 18644, 11, 2024/01/19, 22:42:12.711, 1229712841605, vstest.console.dll, TcpClientExtensions.MessageLoopAsync: Polling on remoteEndPoint: 127.0.0.1:55693 localEndPoint: 127.0.0.1:55692
TpTrace Verbose: 0 : 18644, 11, 2024/01/19, 22:42:12.711, 1229712842087, vstest.console.dll, TcpClientExtensions.MessageLoopAsync: NotifyDataAvailable remoteEndPoint: 127.0.0.1:55693 localEndPoint: 127.0.0.1:55692
TpTrace Verbose: 0 : 18644, 11, 2024/01/19, 22:42:12.711, 1229712842706, vstest.console.dll, TestRequestSender.OnExecutionMessageReceived: Received message: {"Version":7,"MessageType":"TestSession.Message","Payload":{"MessageLevel":0,"Message":"[xUnit.net 00:00:01.07]   Finished:    PizzaShop.UnitTests"}}
TpTrace Verbose: 0 : 18644, 11, 2024/01/19, 22:42:12.711, 1229712843615, vstest.console.dll, TestRunRequest:SendTestRunMessage: Starting.
TpTrace Verbose: 0 : 18644, 11, 2024/01/19, 22:42:12.711, 1229712844919, vstest.console.dll, MulticastDelegateUtilities.SafeInvoke: TestRun.LogMessages: Invoking callback 1/1 for Microsoft.VisualStudio.TestPlatform.CommandLine.TestRunResultAggregator., took 0 ms.
TpTrace Information: 0 : 18644, 11, 2024/01/19, 22:42:12.711, 1229712845395, vstest.console.dll, TestRunRequest:SendTestRunMessage: Completed.
TpTrace Verbose: 0 : 18644, 11, 2024/01/19, 22:42:12.711, 1229712845740, vstest.console.dll, MulticastDelegateUtilities.SafeInvoke: LengthPrefixCommunicationChannel: MessageReceived: Invoking callback 1/1 for Microsoft.VisualStudio.TestPlatform.CommunicationUtilities.TestRequestSender+<>c__DisplayClass34_0., took 0 ms.
TpTrace Verbose: 0 : 18644, 11, 2024/01/19, 22:42:12.711, 1229712846115, vstest.console.dll, TcpClientExtensions.MessageLoopAsync: Polling on remoteEndPoint: 127.0.0.1:55693 localEndPoint: 127.0.0.1:55692
TpTrace Verbose: 0 : 18644, 4, 2024/01/19, 22:42:12.715, 1229712881788, vstest.console.dll, MulticastDelegateUtilities.SafeInvoke: InternalTestLoggerEvents.SendTestResult: Invoking callback 1/1 for Microsoft.VisualStudio.TestPlatform.CommandLine.Internal.ConsoleLogger., took 4 ms.
TpTrace Verbose: 0 : 18644, 4, 2024/01/19, 22:42:12.715, 1229712884660, vstest.console.dll, MulticastDelegateUtilities.SafeInvoke: InternalTestLoggerEvents.SendTestResult: Invoking callback 1/1 for Microsoft.VisualStudio.TestPlatform.CommandLine.Internal.ConsoleLogger., took 0 ms.
TpTrace Verbose: 0 : 18644, 4, 2024/01/19, 22:42:12.715, 1229712885601, vstest.console.dll, MulticastDelegateUtilities.SafeInvoke: InternalTestLoggerEvents.SendTestResult: Invoking callback 1/1 for Microsoft.VisualStudio.TestPlatform.CommandLine.Internal.ConsoleLogger., took 0 ms.
TpTrace Verbose: 0 : 18644, 4, 2024/01/19, 22:42:12.715, 1229712886144, vstest.console.dll, MulticastDelegateUtilities.SafeInvoke: InternalTestLoggerEvents.SendTestResult: Invoking callback 1/1 for Microsoft.VisualStudio.TestPlatform.CommandLine.Internal.ConsoleLogger., took 0 ms.
TpTrace Verbose: 0 : 18644, 4, 2024/01/19, 22:42:12.715, 1229712886691, vstest.console.dll, MulticastDelegateUtilities.SafeInvoke: InternalTestLoggerEvents.SendTestResult: Invoking callback 1/1 for Microsoft.VisualStudio.TestPlatform.CommandLine.Internal.ConsoleLogger., took 0 ms.
TpTrace Verbose: 0 : 18644, 4, 2024/01/19, 22:42:12.715, 1229712887140, vstest.console.dll, MulticastDelegateUtilities.SafeInvoke: InternalTestLoggerEvents.SendTestResult: Invoking callback 1/1 for Microsoft.VisualStudio.TestPlatform.CommandLine.Internal.ConsoleLogger., took 0 ms.
TpTrace Verbose: 0 : 18644, 4, 2024/01/19, 22:42:12.715, 1229712887553, vstest.console.dll, MulticastDelegateUtilities.SafeInvoke: InternalTestLoggerEvents.SendTestResult: Invoking callback 1/1 for Microsoft.VisualStudio.TestPlatform.CommandLine.Internal.ConsoleLogger., took 0 ms.
TpTrace Verbose: 0 : 18644, 4, 2024/01/19, 22:42:12.715, 1229712888026, vstest.console.dll, MulticastDelegateUtilities.SafeInvoke: InternalTestLoggerEvents.SendTestResult: Invoking callback 1/1 for Microsoft.VisualStudio.TestPlatform.CommandLine.Internal.ConsoleLogger., took 0 ms.
TpTrace Verbose: 0 : 18644, 4, 2024/01/19, 22:42:12.715, 1229712888466, vstest.console.dll, MulticastDelegateUtilities.SafeInvoke: InternalTestLoggerEvents.SendTestResult: Invoking callback 1/1 for Microsoft.VisualStudio.TestPlatform.CommandLine.Internal.ConsoleLogger., took 0 ms.
TpTrace Verbose: 0 : 18644, 4, 2024/01/19, 22:42:12.715, 1229712888876, vstest.console.dll, MulticastDelegateUtilities.SafeInvoke: InternalTestLoggerEvents.SendTestRunMessage: Invoking callback 1/1 for Microsoft.VisualStudio.TestPlatform.CommandLine.Internal.ConsoleLogger., took 0 ms.
TpTrace Verbose: 0 : 18644, 11, 2024/01/19, 22:42:12.722, 1229712953089, vstest.console.dll, TcpClientExtensions.MessageLoopAsync: NotifyDataAvailable remoteEndPoint: 127.0.0.1:55693 localEndPoint: 127.0.0.1:55692
TpTrace Verbose: 0 : 18644, 11, 2024/01/19, 22:42:12.722, 1229712956734, vstest.console.dll, TestRequestSender.OnExecutionMessageReceived: Received message: {"Version":7,"MessageType":"TestExecution.Completed","Payload":{"TestRunCompleteArgs":{"TestRunStatistics":{"ExecutedTests":16,"Stats":{"Passed":16}},"IsCanceled":false,"IsAborted":false,"Error":null,"AttachmentSets":[],"InvokedDataCollectors":[],"ElapsedTimeInRunningTests":"00:00:01.0864273","Metrics":{},"DiscoveredExtensions":{"TestDiscoverers":["Xunit.Runner.VisualStudio.VsTestRunner, xunit.runner.visualstudio.dotnetcore.testadapter, Version=2.4.0.0, Culture=neutral, PublicKeyToken=8d05b1bb7a6fdb6c"],"TestExecutors":["executor://xunit/VsTestRunner2/netcoreapp"],"TestExecutors2":[],"TestSettingsProviders":[]}},"LastRunTests":{"NewTestResults":[{"TestCase":{"Id":"a18780d6-5f98-9f2f-28a1-0776c7f905cf","FullyQualifiedName":"PizzaShop.UnitTests.PizzaOrderCostDecoratorTests.AddPriceForToppings_ShouldAddCostEqualToToppingCount","DisplayName":"PizzaShop.UnitTests.PizzaOrderCostDecoratorTests.AddPriceForToppings_ShouldAddCostEqualToToppingCount","ExecutorUri":"executor://xunit/VsTestRunner2/netcoreapp","Source":"C:\\Users\\Vytautas\\Desktop\\PresentConnection užduotis\\PizzaShop\\PizzaShop.UnitTests\\bin\\Debug\\net7.0\\fine-code-coverage\\build-output\\PizzaShop.UnitTests.dll","CodeFilePath":null,"LineNumber":0,"Properties":[]},"Attachments":[],"Outcome":1,"ErrorMessage":null,"ErrorStackTrace":null,"DisplayName":"PizzaShop.UnitTests.PizzaOrderCostDecoratorTests.AddPriceForToppings_ShouldAddCostEqualToToppingCount(toppings: [], expectedCost: 0)","Messages":[],"ComputerName":"DESKTOP-DO2LNN2","Duration":"00:00:00.0002345","StartTime":"2024-01-19T20:42:12.6886418+00:00","EndTime":"2024-01-19T20:42:12.6886419+00:00","Properties":[]},{"TestCase":{"Id":"a18780d6-5f98-9f2f-28a1-0776c7f905cf","FullyQualifiedName":"PizzaShop.UnitTests.PizzaOrderCostDecoratorTests.AddPriceForToppings_ShouldAddCostEqualToToppingCount","DisplayName":"PizzaShop.UnitTests.PizzaOrderCostDecoratorTests.AddPriceForToppings_ShouldAddCostEqualToToppingCount","ExecutorUri":"executor://xunit/VsTestRunner2/netcoreapp","Source":"C:\\Users\\Vytautas\\Desktop\\PresentConnection užduotis\\PizzaShop\\PizzaShop.UnitTests\\bin\\Debug\\net7.0\\fine-code-coverage\\build-output\\PizzaShop.UnitTests.dll","CodeFilePath":null,"LineNumber":0,"Properties":[]},"Attachments":[],"Outcome":1,"ErrorMessage":null,"ErrorStackTrace":null,"DisplayName":"PizzaShop.UnitTests.PizzaOrderCostDecoratorTests.AddPriceForToppings_ShouldAddCostEqualToToppingCount(toppings: [Topping { Id = 0, Name = null }, Topping { Id = 0, Name = null }], expectedCost: 2)","Messages":[],"ComputerName":"DESKTOP-DO2LNN2","Duration":"00:00:00.0001295","StartTime":"2024-01-19T20:42:12.6897624+00:00","EndTime":"2024-01-19T20:42:12.6897625+00:00","Properties":[]},{"TestCase":{"Id":"8a86bd77-f78f-36e6-9b8c-b48887962c8f","FullyQualifiedName":"PizzaShop.UnitTests.PizzaOrderServiceTests.GetUserPizzaOrdersDto_ValidUser_ShouldReturnCorrectOrders","DisplayName":"PizzaShop.UnitTests.PizzaOrderServiceTests.GetUserPizzaOrdersDto_ValidUser_ShouldReturnCorrectOrders","ExecutorUri":"executor://xunit/VsTestRunner2/netcoreapp","Source":"C:\\Users\\Vytautas\\Desktop\\PresentConnection užduotis\\PizzaShop\\PizzaShop.UnitTests\\bin\\Debug\\net7.0\\fine-code-coverage\\build-output\\PizzaShop.UnitTests.dll","CodeFilePath":null,"LineNumber":0,"Properties":[]},"Attachments":[],"Outcome":1,"ErrorMessage":null,"ErrorStackTrace":null,"DisplayName":"PizzaShop.UnitTests.PizzaOrderServiceTests.GetUserPizzaOrdersDto_ValidUser_ShouldReturnCorrectOrders","Messages":[],"ComputerName":"DESKTOP-DO2LNN2","Duration":"00:00:00.0830186","StartTime":"2024-01-19T20:42:12.6901269+00:00","EndTime":"2024-01-19T20:42:12.690127+00:00","Properties":[]},{"TestCase":{"Id":"7bf4c686-52da-b310-1364-09a641616796","FullyQualifiedName":"PizzaShop.UnitTests.PizzaOrderServiceTests.AddPizzaOrder_ValidSizeValidUser_ShouldNotCallAddUserMethodAndReturnCorrectPizzaOrderDto","DisplayName":"PizzaShop.UnitTests.PizzaOrderServiceTests.AddPizzaOrder_ValidSizeValidUser_ShouldNotCallAddUserMethodAndReturnCorrectPizzaOrderDto","ExecutorUri":"executor://xunit/VsTestRunner2/netcoreapp","Source":"C:\\Users\\Vytautas\\Desktop\\PresentConnection užduotis\\PizzaShop\\PizzaShop.UnitTests\\bin\\Debug\\net7.0\\fine-code-coverage\\build-output\\PizzaShop.UnitTests.dll","CodeFilePath":null,"LineNumber":0,"Properties":[]},"Attachments":[],"Outcome":1,"ErrorMessage":null,"ErrorStackTrace":null,"DisplayName":"PizzaShop.UnitTests.PizzaOrderServiceTests.AddPizzaOrder_ValidSizeValidUser_ShouldNotCallAddUserMethodAndReturnCorrectPizzaOrderDto","Messages":[],"ComputerName":"DESKTOP-DO2LNN2","Duration":"00:00:00.0155269","StartTime":"2024-01-19T20:42:12.6922195+00:00","EndTime":"2024-01-19T20:42:12.6922196+00:00","Properties":[]},{"TestCase":{"Id":"8e925c02-e2c5-e351-221f-f2da858c2b68","FullyQualifiedName":"PizzaShop.UnitTests.PizzaOrderServiceTests.AddPizzaOrder_ValidSizeInvalidUser_ShouldCallAddUserMethodAndReturnCorrectPizzaOrderDto","DisplayName":"PizzaShop.UnitTests.PizzaOrderServiceTests.AddPizzaOrder_ValidSizeInvalidUser_ShouldCallAddUserMethodAndReturnCorrectPizzaOrderDto","ExecutorUri":"executor://xunit/VsTestRunner2/netcoreapp","Source":"C:\\Users\\Vytautas\\Desktop\\PresentConnection užduotis\\PizzaShop\\PizzaShop.UnitTests\\bin\\Debug\\net7.0\\fine-code-coverage\\build-output\\PizzaShop.UnitTests.dll","CodeFilePath":null,"LineNumber":0,"Properties":[]},"Attachments":[],"Outcome":1,"ErrorMessage":null,"ErrorStackTrace":null,"DisplayName":"PizzaShop.UnitTests.PizzaOrderServiceTests.AddPizzaOrder_ValidSizeInvalidUser_ShouldCallAddUserMethodAndReturnCorrectPizzaOrderDto","Messages":[],"ComputerName":"DESKTOP-DO2LNN2","Duration":"00:00:00.0030102","StartTime":"2024-01-19T20:42:12.6943123+00:00","EndTime":"2024-01-19T20:42:12.6943124+00:00","Properties":[]},{"TestCase":{"Id":"f961944f-3843-11db-a222-ad930da12be1","FullyQualifiedName":"PizzaShop.UnitTests.PizzaOrderServiceTests.AddPizzaOrder_InvalidSize_ShouldReturnFailureWithMessage","DisplayName":"PizzaShop.UnitTests.PizzaOrderServiceTests.AddPizzaOrder_InvalidSize_ShouldReturnFailureWithMessage","ExecutorUri":"executor://xunit/VsTestRunner2/netcoreapp","Source":"C:\\Users\\Vytautas\\Desktop\\PresentConnection užduotis\\PizzaShop\\PizzaShop.UnitTests\\bin\\Debug\\net7.0\\fine-code-coverage\\build-output\\PizzaShop.UnitTests.dll","CodeFilePath":null,"LineNumber":0,"Properties":[]},"Attachments":[],"Outcome":1,"ErrorMessage":null,"ErrorStackTrace":null,"DisplayName":"PizzaShop.UnitTests.PizzaOrderServiceTests.AddPizzaOrder_InvalidSize_ShouldReturnFailureWithMessage","Messages":[],"ComputerName":"DESKTOP-DO2LNN2","Duration":"00:00:00.0003411","StartTime":"2024-01-19T20:42:12.6965914+00:00","EndTime":"2024-01-19T20:42:12.6965915+00:00","Properties":[]},{"TestCase":{"Id":"8cb56608-1fa8-3658-515a-23b6362ffa12","FullyQualifiedName":"PizzaShop.UnitTests.PizzaOrderServiceTests.GetUserPizzaOrdersDto_InvalidUser_ReturnsFailureWithMessage","DisplayName":"PizzaShop.UnitTests.PizzaOrderServiceTests.GetUserPizzaOrdersDto_InvalidUser_ReturnsFailureWithMessage","ExecutorUri":"executor://xunit/VsTestRunner2/netcoreapp","Source":"C:\\Users\\Vytautas\\Desktop\\PresentConnection užduotis\\PizzaShop\\PizzaShop.UnitTests\\bin\\Debug\\net7.0\\fine-code-coverage\\build-output\\PizzaShop.UnitTests.dll","CodeFilePath":null,"LineNumber":0,"Properties":[]},"Attachments":[],"Outcome":1,"ErrorMessage":null,"ErrorStackTrace":null,"DisplayName":"PizzaShop.UnitTests.PizzaOrderServiceTests.GetUserPizzaOrdersDto_InvalidUser_ReturnsFailureWithMessage","Messages":[],"ComputerName":"DESKTOP-DO2LNN2","Duration":"00:00:00.0006684","StartTime":"2024-01-19T20:42:12.6986378+00:00","EndTime":"2024-01-19T20:42:12.6986379+00:00","Properties":[]}],"TestRunStatistics":{"ExecutedTests":16,"Stats":{"Passed":16}},"ActiveTests":[]},"RunAttachments":[],"ExecutorUris":["executor://xunit/VsTestRunner2/netcoreapp"]}}
TpTrace Verbose: 0 : 18644, 11, 2024/01/19, 22:42:12.722, 1229712958284, vstest.console.dll, TestRequestSender.EndSession: Sending end session.
TpTrace Verbose: 0 : 18644, 11, 2024/01/19, 22:42:12.722, 1229712959894, vstest.console.dll, ProxyOperationManager.Close: waiting for test host to exit for 100 ms
TpTrace Warning: 0 : 18644, 10, 2024/01/19, 22:42:12.750, 1229713237377, vstest.console.dll, TestHostManagerCallbacks.ErrorReceivedCallback Test host standard error line: 
TpTrace Verbose: 0 : 18644, 10, 2024/01/19, 22:42:12.795, 1229713685643, vstest.console.dll, TestHostProvider.ExitCallBack: Host exited starting callback.
TpTrace Information: 0 : 18644, 10, 2024/01/19, 22:42:12.795, 1229713688045, vstest.console.dll, TestHostManagerCallbacks.ExitCallBack: Testhost processId: 5488 exited with exitcode: 0 error: ''
TpTrace Verbose: 0 : 18644, 10, 2024/01/19, 22:42:12.795, 1229713688669, vstest.console.dll, DotnetTestHostManager.OnHostExited: invoking OnHostExited callback
TpTrace Verbose: 0 : 18644, 10, 2024/01/19, 22:42:12.795, 1229713689319, vstest.console.dll, CrossPlatEngine.TestHostManagerHostExited: calling on client process exit callback.
TpTrace Information: 0 : 18644, 10, 2024/01/19, 22:42:12.795, 1229713689926, vstest.console.dll, TestRequestSender.OnClientProcessExit: Test host process exited. Standard error: 
TpTrace Information: 0 : 18644, 10, 2024/01/19, 22:42:12.795, 1229713690361, vstest.console.dll, SocketServer.Stop: Stop server endPoint: 127.0.0.1:55692
TpTrace Information: 0 : 18644, 10, 2024/01/19, 22:42:12.795, 1229713690681, vstest.console.dll, SocketServer.Stop: Cancellation requested. Stopping message loop.
TpTrace Verbose: 0 : 18644, 10, 2024/01/19, 22:42:12.796, 1229713691467, vstest.console.dll, MulticastDelegateUtilities.SafeInvoke: HostProviderEvents.OnHostExited: Invoking callback 1/1 for Microsoft.VisualStudio.TestPlatform.CrossPlatEngine.Client.ProxyOperationManager., took 0 ms.
TpTrace Information: 0 : 18644, 11, 2024/01/19, 22:42:12.796, 1229713691753, vstest.console.dll, SocketServer.Stop: Stop server endPoint: 127.0.0.1:55692
TpTrace Information: 0 : 18644, 11, 2024/01/19, 22:42:12.796, 1229713692686, vstest.console.dll, SocketServer.Stop: Cancellation requested. Stopping message loop.
TpTrace Information: 0 : 18644, 11, 2024/01/19, 22:42:12.796, 1229713693361, vstest.console.dll, Closing the connection
TpTrace Verbose: 0 : 18644, 11, 2024/01/19, 22:42:12.796, 1229713696252, vstest.console.dll, ProxyDataCollectionManager.InvokeDataCollectionServiceAction: Starting.
TpTrace Information: 0 : 18644, 11, 2024/01/19, 22:42:12.796, 1229713696739, vstest.console.dll, ProxyDataCollectionManager.AfterTestRunEnd: Get attachment set and invoked data collectors processId: 5348 port: 55689
TpTrace Verbose: 0 : 18644, 11, 2024/01/19, 22:42:12.796, 1229713697264, vstest.console.dll, DataCollectionRequestSender.SendAfterTestRunStartAndGetResult: Send AfterTestRunEnd message with isCancelled: False
TpTrace Verbose: 0 : 18644, 11, 2024/01/19, 22:42:12.805, 1229713784111, vstest.console.dll, DataCollectionRequestSender.SendAfterTestRunStartAndGetResult: Received message: (DataCollection.AfterTestRunEndResult) -> {"MessageType":"DataCollection.AfterTestRunEndResult","Payload":{"AttachmentSets":[],"InvokedDataCollectors":[{"Uri":"datacollector://Microsoft/TestPlatform/Extensions/Blame/v1","FriendlyName":"Blame","AssemblyQualifiedName":"Microsoft.TestPlatform.Extensions.BlameDataCollector.BlameCollector, Microsoft.TestPlatform.Extensions.BlameDataCollector, Version=15.0.0.0, Culture=neutral, PublicKeyToken=b03f5f7f11d50a3a","FilePath":"C:\\Program Files\\dotnet\\sdk\\7.0.200\\Extensions\\Microsoft.TestPlatform.Extensions.BlameDataCollector.dll","HasAttachmentProcessor":false}],"Metrics":{}}}
TpTrace Information: 0 : 18644, 11, 2024/01/19, 22:42:12.811, 1229713842488, vstest.console.dll, ProxyDataCollectionManager.InvokeDataCollectionServiceAction: Completed.
TpTrace Warning: 0 : 18644, 9, 2024/01/19, 22:42:12.834, 1229714078733, vstest.console.dll, DataCollectionLauncher.ErrorReceivedCallback datacollector standard error line: 
TpTrace Information: 0 : 18644, 9, 2024/01/19, 22:42:12.848, 1229714219199, vstest.console.dll, DataCollectionLauncher.ExitCallBack: Data collector exited with exitcode: 0 error: ''
TpTrace Verbose: 0 : 18644, 11, 2024/01/19, 22:42:12.855, 1229714281320, vstest.console.dll, TestRunRequest:SendTestRunStatsChange: Starting.
TpTrace Verbose: 0 : 18644, 11, 2024/01/19, 22:42:12.855, 1229714283446, vstest.console.dll, MulticastDelegateUtilities.SafeInvoke: TestRun.RunStatsChanged: Invoking callbacks was skipped because there are no subscribers.
TpTrace Verbose: 0 : 18644, 4, 2024/01/19, 22:42:12.855, 1229714284000, vstest.console.dll, MulticastDelegateUtilities.SafeInvoke: InternalTestLoggerEvents.SendTestResult: Invoking callback 1/1 for Microsoft.VisualStudio.TestPlatform.CommandLine.Internal.ConsoleLogger., took 0 ms.
TpTrace Information: 0 : 18644, 11, 2024/01/19, 22:42:12.855, 1229714284043, vstest.console.dll, TestRunRequest:SendTestRunStatsChange: Completed.
TpTrace Verbose: 0 : 18644, 4, 2024/01/19, 22:42:12.855, 1229714284839, vstest.console.dll, MulticastDelegateUtilities.SafeInvoke: InternalTestLoggerEvents.SendTestResult: Invoking callback 1/1 for Microsoft.VisualStudio.TestPlatform.CommandLine.Internal.ConsoleLogger., took 0 ms.
TpTrace Verbose: 0 : 18644, 4, 2024/01/19, 22:42:12.855, 1229714285568, vstest.console.dll, MulticastDelegateUtilities.SafeInvoke: InternalTestLoggerEvents.SendTestResult: Invoking callback 1/1 for Microsoft.VisualStudio.TestPlatform.CommandLine.Internal.ConsoleLogger., took 0 ms.
TpTrace Verbose: 0 : 18644, 4, 2024/01/19, 22:42:12.855, 1229714286078, vstest.console.dll, MulticastDelegateUtilities.SafeInvoke: InternalTestLoggerEvents.SendTestResult: Invoking callback 1/1 for Microsoft.VisualStudio.TestPlatform.CommandLine.Internal.ConsoleLogger., took 0 ms.
TpTrace Verbose: 0 : 18644, 4, 2024/01/19, 22:42:12.855, 1229714286538, vstest.console.dll, MulticastDelegateUtilities.SafeInvoke: InternalTestLoggerEvents.SendTestResult: Invoking callback 1/1 for Microsoft.VisualStudio.TestPlatform.CommandLine.Internal.ConsoleLogger., took 0 ms.
TpTrace Verbose: 0 : 18644, 4, 2024/01/19, 22:42:12.855, 1229714287009, vstest.console.dll, MulticastDelegateUtilities.SafeInvoke: InternalTestLoggerEvents.SendTestResult: Invoking callback 1/1 for Microsoft.VisualStudio.TestPlatform.CommandLine.Internal.ConsoleLogger., took 0 ms.
TpTrace Verbose: 0 : 18644, 4, 2024/01/19, 22:42:12.855, 1229714287430, vstest.console.dll, MulticastDelegateUtilities.SafeInvoke: InternalTestLoggerEvents.SendTestResult: Invoking callback 1/1 for Microsoft.VisualStudio.TestPlatform.CommandLine.Internal.ConsoleLogger., took 0 ms.
TpTrace Verbose: 0 : 18644, 11, 2024/01/19, 22:42:12.856, 1229714291969, vstest.console.dll, ParallelProxyExecutionManager: HandlePartialRunComplete: Total completed clients = 1, Run complete = True, Run canceled: False.
TpTrace Verbose: 0 : 18644, 4, 2024/01/19, 22:42:12.870, 1229714439252, vstest.console.dll, MulticastDelegateUtilities.SafeInvoke: InternalTestLoggerEvents.SendTestRunComplete: Invoking callback 1/2 for Microsoft.TestPlatform.Extensions.BlameDataCollector.BlameLogger., took 0 ms.
TpTrace Verbose: 0 : 18644, 4, 2024/01/19, 22:42:12.878, 1229714516274, vstest.console.dll, MulticastDelegateUtilities.SafeInvoke: InternalTestLoggerEvents.SendTestRunComplete: Invoking callback 2/2 for Microsoft.VisualStudio.TestPlatform.CommandLine.Internal.ConsoleLogger., took 7 ms.
TpTrace Verbose: 0 : 18644, 11, 2024/01/19, 22:42:12.878, 1229714520121, vstest.console.dll, TestRunRequest:TestRunComplete: Starting. IsAborted:False IsCanceled:False.
TpTrace Verbose: 0 : 18644, 11, 2024/01/19, 22:42:12.880, 1229714537958, vstest.console.dll, TestLoggerManager.HandleTestRunComplete: Ignoring as the object is disposed.
TpTrace Verbose: 0 : 18644, 11, 2024/01/19, 22:42:12.881, 1229714541305, vstest.console.dll, MulticastDelegateUtilities.SafeInvoke: TestRun.TestRunComplete: Invoking callback 1/2 for Microsoft.VisualStudio.TestPlatform.CommandLine.TestRunResultAggregator., took 0 ms.
TpTrace Verbose: 0 : 18644, 11, 2024/01/19, 22:42:12.881, 1229714545483, vstest.console.dll, MulticastDelegateUtilities.SafeInvoke: TestRun.TestRunComplete: Invoking callback 2/2 for Microsoft.VisualStudio.TestPlatform.CommandLine.Processors.RunTestsArgumentExecutor+TestRunRequestEventsRegistrar., took 0 ms.
TpTrace Information: 0 : 18644, 11, 2024/01/19, 22:42:12.881, 1229714547066, vstest.console.dll, TestRunRequest:TestRunComplete: Completed.
TpTrace Verbose: 0 : 18644, 11, 2024/01/19, 22:42:12.881, 1229714547625, vstest.console.dll, TestRequestSender.SetOperationComplete: Setting operation complete.
TpTrace Information: 0 : 18644, 11, 2024/01/19, 22:42:12.881, 1229714548018, vstest.console.dll, SocketServer.Stop: Stop server endPoint: 127.0.0.1:55692
TpTrace Information: 0 : 18644, 11, 2024/01/19, 22:42:12.881, 1229714548293, vstest.console.dll, SocketServer.Stop: Cancellation requested. Stopping message loop.
TpTrace Verbose: 0 : 18644, 11, 2024/01/19, 22:42:12.881, 1229714548632, vstest.console.dll, MulticastDelegateUtilities.SafeInvoke: LengthPrefixCommunicationChannel: MessageReceived: Invoking callback 1/1 for Microsoft.VisualStudio.TestPlatform.CommunicationUtilities.TestRequestSender+<>c__DisplayClass34_0., took 159 ms.
TpTrace Information: 0 : 18644, 11, 2024/01/19, 22:42:12.881, 1229714549101, vstest.console.dll, SocketServer.PrivateStop: Stopping server endPoint: 127.0.0.1:55692 error: 
TpTrace Verbose: 0 : 18644, 11, 2024/01/19, 22:42:12.882, 1229714556591, vstest.console.dll, LengthPrefixCommunicationChannel.Dispose: Dispose reader and writer.
TpTrace Information: 0 : 18644, 11, 2024/01/19, 22:42:12.882, 1229714557459, vstest.console.dll, SocketServer.Stop: Raise disconnected event endPoint: 127.0.0.1:55692 error: 
TpTrace Verbose: 0 : 18644, 11, 2024/01/19, 22:42:12.882, 1229714558248, vstest.console.dll, TestRequestSender: OnTestRunAbort: Operation is already complete. Skip error message.
TpTrace Verbose: 0 : 18644, 11, 2024/01/19, 22:42:12.882, 1229714558675, vstest.console.dll, MulticastDelegateUtilities.SafeInvoke: SocketServer: ClientDisconnected: Invoking callback 1/1 for Microsoft.VisualStudio.TestPlatform.CommunicationUtilities.TestRequestSender., took 0 ms.
TpTrace Verbose: 0 : 18644, 11, 2024/01/19, 22:42:12.882, 1229714559009, vstest.console.dll, TcpClientExtensions.MessageLoopAsync: exiting MessageLoopAsync remoteEndPoint: 127.0.0.1:55693 localEndPoint: 127.0.0.1:55692
TpTrace Verbose: 0 : 18644, 1, 2024/01/19, 22:42:12.883, 1229714561894, vstest.console.dll, TestRunRequest.Dispose: Starting.
TpTrace Information: 0 : 18644, 1, 2024/01/19, 22:42:12.883, 1229714564257, vstest.console.dll, TestRunRequest.Dispose: Completed.
TpTrace Information: 0 : 18644, 1, 2024/01/19, 22:42:12.883, 1229714565088, vstest.console.dll, TestRequestManager.RunTests: run tests completed.
TpTrace Information: 0 : 18644, 1, 2024/01/19, 22:42:12.883, 1229714568376, vstest.console.dll, RunTestsArgumentProcessor:Execute: Test run is completed.
TpTrace Verbose: 0 : 18644, 1, 2024/01/19, 22:42:12.883, 1229714570713, vstest.console.dll, Executor.Execute: Exiting with exit code of 0
